Seq	Host	Starttime	JobRuntime	Send	Receive	Exitval	Signal	Command
1	:	1572253500.672	    67.174	0	0	0	0	cd /home/guilhermel/Programs/tf_phoenix/Benchs/PolyBench/linear-algebra/solvers/cholesky && timeout --signal=TERM 0 ./cholesky.exe 0.05 < /dev/null &> /dev/null
2	:	1572253567.850	    67.217	0	0	0	0	cd /home/guilhermel/Programs/tf_phoenix/Benchs/PolyBench/linear-algebra/solvers/cholesky && timeout --signal=TERM 0 ./cholesky.exe 0.10 < /dev/null &> /dev/null
3	:	1572253635.069	    67.138	0	0	0	0	cd /home/guilhermel/Programs/tf_phoenix/Benchs/PolyBench/linear-algebra/solvers/cholesky && timeout --signal=TERM 0 ./cholesky.exe 0.15 < /dev/null &> /dev/null
4	:	1572253702.210	    67.171	0	0	0	0	cd /home/guilhermel/Programs/tf_phoenix/Benchs/PolyBench/linear-algebra/solvers/cholesky && timeout --signal=TERM 0 ./cholesky.exe 0.20 < /dev/null &> /dev/null
5	:	1572253769.383	    67.113	0	0	0	0	cd /home/guilhermel/Programs/tf_phoenix/Benchs/PolyBench/linear-algebra/solvers/cholesky && timeout --signal=TERM 0 ./cholesky.exe 0.25 < /dev/null &> /dev/null
6	:	1572253836.498	    67.228	0	0	0	0	cd /home/guilhermel/Programs/tf_phoenix/Benchs/PolyBench/linear-algebra/solvers/cholesky && timeout --signal=TERM 0 ./cholesky.exe 0.30 < /dev/null &> /dev/null
7	:	1572253903.728	    67.098	0	0	0	0	cd /home/guilhermel/Programs/tf_phoenix/Benchs/PolyBench/linear-algebra/solvers/cholesky && timeout --signal=TERM 0 ./cholesky.exe 0.35 < /dev/null &> /dev/null
8	:	1572253970.828	    67.138	0	0	0	0	cd /home/guilhermel/Programs/tf_phoenix/Benchs/PolyBench/linear-algebra/solvers/cholesky && timeout --signal=TERM 0 ./cholesky.exe 0.40 < /dev/null &> /dev/null
9	:	1572254037.969	    67.181	0	0	0	0	cd /home/guilhermel/Programs/tf_phoenix/Benchs/PolyBench/linear-algebra/solvers/cholesky && timeout --signal=TERM 0 ./cholesky.exe 0.45 < /dev/null &> /dev/null
10	:	1572254105.153	    67.205	0	0	0	0	cd /home/guilhermel/Programs/tf_phoenix/Benchs/PolyBench/linear-algebra/solvers/cholesky && timeout --signal=TERM 0 ./cholesky.exe 0.50 < /dev/null &> /dev/null
11	:	1572254172.361	    67.027	0	0	0	0	cd /home/guilhermel/Programs/tf_phoenix/Benchs/PolyBench/linear-algebra/solvers/cholesky && timeout --signal=TERM 0 ./cholesky.exe 0.55 < /dev/null &> /dev/null
12	:	1572254239.391	    67.134	0	0	0	0	cd /home/guilhermel/Programs/tf_phoenix/Benchs/PolyBench/linear-algebra/solvers/cholesky && timeout --signal=TERM 0 ./cholesky.exe 0.60 < /dev/null &> /dev/null
13	:	1572254306.529	    67.148	0	0	0	0	cd /home/guilhermel/Programs/tf_phoenix/Benchs/PolyBench/linear-algebra/solvers/cholesky && timeout --signal=TERM 0 ./cholesky.exe 0.65 < /dev/null &> /dev/null
14	:	1572254373.680	    67.143	0	0	0	0	cd /home/guilhermel/Programs/tf_phoenix/Benchs/PolyBench/linear-algebra/solvers/cholesky && timeout --signal=TERM 0 ./cholesky.exe 0.70 < /dev/null &> /dev/null
15	:	1572254440.826	    67.055	0	0	0	0	cd /home/guilhermel/Programs/tf_phoenix/Benchs/PolyBench/linear-algebra/solvers/cholesky && timeout --signal=TERM 0 ./cholesky.exe 0.75 < /dev/null &> /dev/null
16	:	1572254507.884	    67.073	0	0	0	0	cd /home/guilhermel/Programs/tf_phoenix/Benchs/PolyBench/linear-algebra/solvers/cholesky && timeout --signal=TERM 0 ./cholesky.exe 0.80 < /dev/null &> /dev/null
17	:	1572254574.960	    67.102	0	0	0	0	cd /home/guilhermel/Programs/tf_phoenix/Benchs/PolyBench/linear-algebra/solvers/cholesky && timeout --signal=TERM 0 ./cholesky.exe 0.85 < /dev/null &> /dev/null
18	:	1572254642.066	    67.191	0	0	0	0	cd /home/guilhermel/Programs/tf_phoenix/Benchs/PolyBench/linear-algebra/solvers/cholesky && timeout --signal=TERM 0 ./cholesky.exe 0.90 < /dev/null &> /dev/null
19	:	1572254709.261	    67.120	0	0	0	0	cd /home/guilhermel/Programs/tf_phoenix/Benchs/PolyBench/linear-algebra/solvers/cholesky && timeout --signal=TERM 0 ./cholesky.exe 0.95 < /dev/null &> /dev/null
20	:	1572254776.383	    66.976	0	0	0	0	cd /home/guilhermel/Programs/tf_phoenix/Benchs/PolyBench/linear-algebra/solvers/cholesky && timeout --signal=TERM 0 ./cholesky.exe 1.00 < /dev/null &> /dev/null
21	:	1572254843.361	    82.593	0	0	0	0	cd /home/guilhermel/Programs/tf_phoenix/Benchs/PolyBench/linear-algebra/solvers/lu && timeout --signal=TERM 0 ./lu.exe 0.05 < /dev/null &> /dev/null
22	:	1572254925.957	    82.730	0	0	0	0	cd /home/guilhermel/Programs/tf_phoenix/Benchs/PolyBench/linear-algebra/solvers/lu && timeout --signal=TERM 0 ./lu.exe 0.10 < /dev/null &> /dev/null
23	:	1572255008.690	    82.730	0	0	0	0	cd /home/guilhermel/Programs/tf_phoenix/Benchs/PolyBench/linear-algebra/solvers/lu && timeout --signal=TERM 0 ./lu.exe 0.15 < /dev/null &> /dev/null
24	:	1572255091.423	    82.791	0	0	0	0	cd /home/guilhermel/Programs/tf_phoenix/Benchs/PolyBench/linear-algebra/solvers/lu && timeout --signal=TERM 0 ./lu.exe 0.20 < /dev/null &> /dev/null
25	:	1572255174.218	    82.815	0	0	0	0	cd /home/guilhermel/Programs/tf_phoenix/Benchs/PolyBench/linear-algebra/solvers/lu && timeout --signal=TERM 0 ./lu.exe 0.25 < /dev/null &> /dev/null
26	:	1572255257.036	    82.842	0	0	0	0	cd /home/guilhermel/Programs/tf_phoenix/Benchs/PolyBench/linear-algebra/solvers/lu && timeout --signal=TERM 0 ./lu.exe 0.30 < /dev/null &> /dev/null
27	:	1572255339.881	    82.694	0	0	0	0	cd /home/guilhermel/Programs/tf_phoenix/Benchs/PolyBench/linear-algebra/solvers/lu && timeout --signal=TERM 0 ./lu.exe 0.35 < /dev/null &> /dev/null
28	:	1572255422.577	    82.792	0	0	0	0	cd /home/guilhermel/Programs/tf_phoenix/Benchs/PolyBench/linear-algebra/solvers/lu && timeout --signal=TERM 0 ./lu.exe 0.40 < /dev/null &> /dev/null
29	:	1572255505.372	    82.815	0	0	0	0	cd /home/guilhermel/Programs/tf_phoenix/Benchs/PolyBench/linear-algebra/solvers/lu && timeout --signal=TERM 0 ./lu.exe 0.45 < /dev/null &> /dev/null
30	:	1572255588.190	    82.763	0	0	0	0	cd /home/guilhermel/Programs/tf_phoenix/Benchs/PolyBench/linear-algebra/solvers/lu && timeout --signal=TERM 0 ./lu.exe 0.50 < /dev/null &> /dev/null
31	:	1572255670.956	    82.792	0	0	0	0	cd /home/guilhermel/Programs/tf_phoenix/Benchs/PolyBench/linear-algebra/solvers/lu && timeout --signal=TERM 0 ./lu.exe 0.55 < /dev/null &> /dev/null
32	:	1572255753.751	    82.637	0	0	0	0	cd /home/guilhermel/Programs/tf_phoenix/Benchs/PolyBench/linear-algebra/solvers/lu && timeout --signal=TERM 0 ./lu.exe 0.60 < /dev/null &> /dev/null
33	:	1572255836.390	    82.906	0	0	0	0	cd /home/guilhermel/Programs/tf_phoenix/Benchs/PolyBench/linear-algebra/solvers/lu && timeout --signal=TERM 0 ./lu.exe 0.65 < /dev/null &> /dev/null
34	:	1572255919.299	    82.739	0	0	0	0	cd /home/guilhermel/Programs/tf_phoenix/Benchs/PolyBench/linear-algebra/solvers/lu && timeout --signal=TERM 0 ./lu.exe 0.70 < /dev/null &> /dev/null
35	:	1572256002.040	    82.920	0	0	0	0	cd /home/guilhermel/Programs/tf_phoenix/Benchs/PolyBench/linear-algebra/solvers/lu && timeout --signal=TERM 0 ./lu.exe 0.75 < /dev/null &> /dev/null
36	:	1572256084.962	    82.680	0	0	0	0	cd /home/guilhermel/Programs/tf_phoenix/Benchs/PolyBench/linear-algebra/solvers/lu && timeout --signal=TERM 0 ./lu.exe 0.80 < /dev/null &> /dev/null
37	:	1572256167.644	    82.786	0	0	0	0	cd /home/guilhermel/Programs/tf_phoenix/Benchs/PolyBench/linear-algebra/solvers/lu && timeout --signal=TERM 0 ./lu.exe 0.85 < /dev/null &> /dev/null
38	:	1572256250.432	    82.611	0	0	0	0	cd /home/guilhermel/Programs/tf_phoenix/Benchs/PolyBench/linear-algebra/solvers/lu && timeout --signal=TERM 0 ./lu.exe 0.90 < /dev/null &> /dev/null
39	:	1572256333.045	    82.819	0	0	0	0	cd /home/guilhermel/Programs/tf_phoenix/Benchs/PolyBench/linear-algebra/solvers/lu && timeout --signal=TERM 0 ./lu.exe 0.95 < /dev/null &> /dev/null
40	:	1572256415.867	    82.167	0	0	0	0	cd /home/guilhermel/Programs/tf_phoenix/Benchs/PolyBench/linear-algebra/solvers/lu && timeout --signal=TERM 0 ./lu.exe 1.00 < /dev/null &> /dev/null
41	:	1572256498.038	    81.595	0	0	0	0	cd /home/guilhermel/Programs/tf_phoenix/Benchs/PolyBench/linear-algebra/solvers/ludcmp && timeout --signal=TERM 0 ./ludcmp.exe 0.05 < /dev/null &> /dev/null
42	:	1572256579.636	    81.578	0	0	0	0	cd /home/guilhermel/Programs/tf_phoenix/Benchs/PolyBench/linear-algebra/solvers/ludcmp && timeout --signal=TERM 0 ./ludcmp.exe 0.10 < /dev/null &> /dev/null
43	:	1572256661.217	    81.477	0	0	0	0	cd /home/guilhermel/Programs/tf_phoenix/Benchs/PolyBench/linear-algebra/solvers/ludcmp && timeout --signal=TERM 0 ./ludcmp.exe 0.15 < /dev/null &> /dev/null
44	:	1572256742.697	    81.384	0	0	0	0	cd /home/guilhermel/Programs/tf_phoenix/Benchs/PolyBench/linear-algebra/solvers/ludcmp && timeout --signal=TERM 0 ./ludcmp.exe 0.20 < /dev/null &> /dev/null
45	:	1572256824.084	    81.433	0	0	0	0	cd /home/guilhermel/Programs/tf_phoenix/Benchs/PolyBench/linear-algebra/solvers/ludcmp && timeout --signal=TERM 0 ./ludcmp.exe 0.25 < /dev/null &> /dev/null
46	:	1572256905.520	    81.427	0	0	0	0	cd /home/guilhermel/Programs/tf_phoenix/Benchs/PolyBench/linear-algebra/solvers/ludcmp && timeout --signal=TERM 0 ./ludcmp.exe 0.30 < /dev/null &> /dev/null
47	:	1572256986.949	    81.602	0	0	0	0	cd /home/guilhermel/Programs/tf_phoenix/Benchs/PolyBench/linear-algebra/solvers/ludcmp && timeout --signal=TERM 0 ./ludcmp.exe 0.35 < /dev/null &> /dev/null
48	:	1572257068.553	    81.571	0	0	0	0	cd /home/guilhermel/Programs/tf_phoenix/Benchs/PolyBench/linear-algebra/solvers/ludcmp && timeout --signal=TERM 0 ./ludcmp.exe 0.40 < /dev/null &> /dev/null
49	:	1572257150.126	    81.505	0	0	0	0	cd /home/guilhermel/Programs/tf_phoenix/Benchs/PolyBench/linear-algebra/solvers/ludcmp && timeout --signal=TERM 0 ./ludcmp.exe 0.45 < /dev/null &> /dev/null
50	:	1572257231.633	    81.493	0	0	0	0	cd /home/guilhermel/Programs/tf_phoenix/Benchs/PolyBench/linear-algebra/solvers/ludcmp && timeout --signal=TERM 0 ./ludcmp.exe 0.50 < /dev/null &> /dev/null
51	:	1572257313.128	    81.589	0	0	0	0	cd /home/guilhermel/Programs/tf_phoenix/Benchs/PolyBench/linear-algebra/solvers/ludcmp && timeout --signal=TERM 0 ./ludcmp.exe 0.55 < /dev/null &> /dev/null
52	:	1572257394.720	    81.421	0	0	0	0	cd /home/guilhermel/Programs/tf_phoenix/Benchs/PolyBench/linear-algebra/solvers/ludcmp && timeout --signal=TERM 0 ./ludcmp.exe 0.60 < /dev/null &> /dev/null
53	:	1572257476.144	    81.483	0	0	0	0	cd /home/guilhermel/Programs/tf_phoenix/Benchs/PolyBench/linear-algebra/solvers/ludcmp && timeout --signal=TERM 0 ./ludcmp.exe 0.65 < /dev/null &> /dev/null
54	:	1572257557.630	    81.489	0	0	0	0	cd /home/guilhermel/Programs/tf_phoenix/Benchs/PolyBench/linear-algebra/solvers/ludcmp && timeout --signal=TERM 0 ./ludcmp.exe 0.70 < /dev/null &> /dev/null
55	:	1572257639.122	    81.516	0	0	0	0	cd /home/guilhermel/Programs/tf_phoenix/Benchs/PolyBench/linear-algebra/solvers/ludcmp && timeout --signal=TERM 0 ./ludcmp.exe 0.75 < /dev/null &> /dev/null
56	:	1572257720.641	    81.430	0	0	0	0	cd /home/guilhermel/Programs/tf_phoenix/Benchs/PolyBench/linear-algebra/solvers/ludcmp && timeout --signal=TERM 0 ./ludcmp.exe 0.80 < /dev/null &> /dev/null
57	:	1572257802.074	    81.463	0	0	0	0	cd /home/guilhermel/Programs/tf_phoenix/Benchs/PolyBench/linear-algebra/solvers/ludcmp && timeout --signal=TERM 0 ./ludcmp.exe 0.85 < /dev/null &> /dev/null
58	:	1572257883.539	    81.319	0	0	0	0	cd /home/guilhermel/Programs/tf_phoenix/Benchs/PolyBench/linear-algebra/solvers/ludcmp && timeout --signal=TERM 0 ./ludcmp.exe 0.90 < /dev/null &> /dev/null
59	:	1572257964.860	    81.476	0	0	0	0	cd /home/guilhermel/Programs/tf_phoenix/Benchs/PolyBench/linear-algebra/solvers/ludcmp && timeout --signal=TERM 0 ./ludcmp.exe 0.95 < /dev/null &> /dev/null
60	:	1572258046.339	    81.545	0	0	0	0	cd /home/guilhermel/Programs/tf_phoenix/Benchs/PolyBench/linear-algebra/solvers/ludcmp && timeout --signal=TERM 0 ./ludcmp.exe 1.00 < /dev/null &> /dev/null
61	:	1572258127.886	    22.798	0	0	0	0	cd /home/guilhermel/Programs/tf_phoenix/Benchs/PolyBench/linear-algebra/solvers/gramschmidt && timeout --signal=TERM 0 ./gramschmidt.exe 0.05 < /dev/null &> /dev/null
62	:	1572258150.687	    22.690	0	0	0	0	cd /home/guilhermel/Programs/tf_phoenix/Benchs/PolyBench/linear-algebra/solvers/gramschmidt && timeout --signal=TERM 0 ./gramschmidt.exe 0.10 < /dev/null &> /dev/null
63	:	1572258173.379	    22.973	0	0	0	0	cd /home/guilhermel/Programs/tf_phoenix/Benchs/PolyBench/linear-algebra/solvers/gramschmidt && timeout --signal=TERM 0 ./gramschmidt.exe 0.15 < /dev/null &> /dev/null
64	:	1572258196.355	    23.023	0	0	0	0	cd /home/guilhermel/Programs/tf_phoenix/Benchs/PolyBench/linear-algebra/solvers/gramschmidt && timeout --signal=TERM 0 ./gramschmidt.exe 0.20 < /dev/null &> /dev/null
65	:	1572258219.380	    22.994	0	0	0	0	cd /home/guilhermel/Programs/tf_phoenix/Benchs/PolyBench/linear-algebra/solvers/gramschmidt && timeout --signal=TERM 0 ./gramschmidt.exe 0.25 < /dev/null &> /dev/null
66	:	1572258242.377	    22.955	0	0	0	0	cd /home/guilhermel/Programs/tf_phoenix/Benchs/PolyBench/linear-algebra/solvers/gramschmidt && timeout --signal=TERM 0 ./gramschmidt.exe 0.30 < /dev/null &> /dev/null
67	:	1572258265.335	    22.967	0	0	0	0	cd /home/guilhermel/Programs/tf_phoenix/Benchs/PolyBench/linear-algebra/solvers/gramschmidt && timeout --signal=TERM 0 ./gramschmidt.exe 0.35 < /dev/null &> /dev/null
68	:	1572258288.306	    22.911	0	0	0	0	cd /home/guilhermel/Programs/tf_phoenix/Benchs/PolyBench/linear-algebra/solvers/gramschmidt && timeout --signal=TERM 0 ./gramschmidt.exe 0.40 < /dev/null &> /dev/null
69	:	1572258311.219	    22.690	0	0	0	0	cd /home/guilhermel/Programs/tf_phoenix/Benchs/PolyBench/linear-algebra/solvers/gramschmidt && timeout --signal=TERM 0 ./gramschmidt.exe 0.45 < /dev/null &> /dev/null
70	:	1572258333.912	    23.062	0	0	0	0	cd /home/guilhermel/Programs/tf_phoenix/Benchs/PolyBench/linear-algebra/solvers/gramschmidt && timeout --signal=TERM 0 ./gramschmidt.exe 0.50 < /dev/null &> /dev/null
71	:	1572258356.977	    23.059	0	0	0	0	cd /home/guilhermel/Programs/tf_phoenix/Benchs/PolyBench/linear-algebra/solvers/gramschmidt && timeout --signal=TERM 0 ./gramschmidt.exe 0.55 < /dev/null &> /dev/null
72	:	1572258380.039	    22.960	0	0	0	0	cd /home/guilhermel/Programs/tf_phoenix/Benchs/PolyBench/linear-algebra/solvers/gramschmidt && timeout --signal=TERM 0 ./gramschmidt.exe 0.60 < /dev/null &> /dev/null
73	:	1572258403.002	    22.986	0	0	0	0	cd /home/guilhermel/Programs/tf_phoenix/Benchs/PolyBench/linear-algebra/solvers/gramschmidt && timeout --signal=TERM 0 ./gramschmidt.exe 0.65 < /dev/null &> /dev/null
74	:	1572258425.992	    23.008	0	0	0	0	cd /home/guilhermel/Programs/tf_phoenix/Benchs/PolyBench/linear-algebra/solvers/gramschmidt && timeout --signal=TERM 0 ./gramschmidt.exe 0.70 < /dev/null &> /dev/null
75	:	1572258449.004	    23.095	0	0	0	0	cd /home/guilhermel/Programs/tf_phoenix/Benchs/PolyBench/linear-algebra/solvers/gramschmidt && timeout --signal=TERM 0 ./gramschmidt.exe 0.75 < /dev/null &> /dev/null
76	:	1572258472.101	    23.096	0	0	0	0	cd /home/guilhermel/Programs/tf_phoenix/Benchs/PolyBench/linear-algebra/solvers/gramschmidt && timeout --signal=TERM 0 ./gramschmidt.exe 0.80 < /dev/null &> /dev/null
77	:	1572258495.200	    22.983	0	0	0	0	cd /home/guilhermel/Programs/tf_phoenix/Benchs/PolyBench/linear-algebra/solvers/gramschmidt && timeout --signal=TERM 0 ./gramschmidt.exe 0.85 < /dev/null &> /dev/null
78	:	1572258518.186	    22.755	0	0	0	0	cd /home/guilhermel/Programs/tf_phoenix/Benchs/PolyBench/linear-algebra/solvers/gramschmidt && timeout --signal=TERM 0 ./gramschmidt.exe 0.90 < /dev/null &> /dev/null
79	:	1572258540.944	    23.017	0	0	0	0	cd /home/guilhermel/Programs/tf_phoenix/Benchs/PolyBench/linear-algebra/solvers/gramschmidt && timeout --signal=TERM 0 ./gramschmidt.exe 0.95 < /dev/null &> /dev/null
80	:	1572258563.964	    22.826	0	0	0	0	cd /home/guilhermel/Programs/tf_phoenix/Benchs/PolyBench/linear-algebra/solvers/gramschmidt && timeout --signal=TERM 0 ./gramschmidt.exe 1.00 < /dev/null &> /dev/null
81	:	1572258586.793	    11.839	0	0	0	0	cd /home/guilhermel/Programs/tf_phoenix/Benchs/PolyBench/datamining/covariance && timeout --signal=TERM 0 ./covariance.exe 0.05 < /dev/null &> /dev/null
82	:	1572258598.635	    11.796	0	0	0	0	cd /home/guilhermel/Programs/tf_phoenix/Benchs/PolyBench/datamining/covariance && timeout --signal=TERM 0 ./covariance.exe 0.10 < /dev/null &> /dev/null
83	:	1572258610.433	    11.766	0	0	0	0	cd /home/guilhermel/Programs/tf_phoenix/Benchs/PolyBench/datamining/covariance && timeout --signal=TERM 0 ./covariance.exe 0.15 < /dev/null &> /dev/null
84	:	1572258622.202	    11.804	0	0	0	0	cd /home/guilhermel/Programs/tf_phoenix/Benchs/PolyBench/datamining/covariance && timeout --signal=TERM 0 ./covariance.exe 0.20 < /dev/null &> /dev/null
85	:	1572258634.008	    11.790	0	0	0	0	cd /home/guilhermel/Programs/tf_phoenix/Benchs/PolyBench/datamining/covariance && timeout --signal=TERM 0 ./covariance.exe 0.25 < /dev/null &> /dev/null
86	:	1572258645.801	    11.778	0	0	0	0	cd /home/guilhermel/Programs/tf_phoenix/Benchs/PolyBench/datamining/covariance && timeout --signal=TERM 0 ./covariance.exe 0.30 < /dev/null &> /dev/null
87	:	1572258657.582	    11.769	0	0	0	0	cd /home/guilhermel/Programs/tf_phoenix/Benchs/PolyBench/datamining/covariance && timeout --signal=TERM 0 ./covariance.exe 0.35 < /dev/null &> /dev/null
88	:	1572258669.353	    11.815	0	0	0	0	cd /home/guilhermel/Programs/tf_phoenix/Benchs/PolyBench/datamining/covariance && timeout --signal=TERM 0 ./covariance.exe 0.40 < /dev/null &> /dev/null
89	:	1572258681.171	    11.792	0	0	0	0	cd /home/guilhermel/Programs/tf_phoenix/Benchs/PolyBench/datamining/covariance && timeout --signal=TERM 0 ./covariance.exe 0.45 < /dev/null &> /dev/null
90	:	1572258692.965	    11.815	0	0	0	0	cd /home/guilhermel/Programs/tf_phoenix/Benchs/PolyBench/datamining/covariance && timeout --signal=TERM 0 ./covariance.exe 0.50 < /dev/null &> /dev/null
91	:	1572258704.783	    11.757	0	0	0	0	cd /home/guilhermel/Programs/tf_phoenix/Benchs/PolyBench/datamining/covariance && timeout --signal=TERM 0 ./covariance.exe 0.55 < /dev/null &> /dev/null
92	:	1572258716.543	    11.816	0	0	0	0	cd /home/guilhermel/Programs/tf_phoenix/Benchs/PolyBench/datamining/covariance && timeout --signal=TERM 0 ./covariance.exe 0.60 < /dev/null &> /dev/null
93	:	1572258728.362	    11.805	0	0	0	0	cd /home/guilhermel/Programs/tf_phoenix/Benchs/PolyBench/datamining/covariance && timeout --signal=TERM 0 ./covariance.exe 0.65 < /dev/null &> /dev/null
94	:	1572258740.169	    11.796	0	0	0	0	cd /home/guilhermel/Programs/tf_phoenix/Benchs/PolyBench/datamining/covariance && timeout --signal=TERM 0 ./covariance.exe 0.70 < /dev/null &> /dev/null
95	:	1572258751.967	    11.891	0	0	0	0	cd /home/guilhermel/Programs/tf_phoenix/Benchs/PolyBench/datamining/covariance && timeout --signal=TERM 0 ./covariance.exe 0.75 < /dev/null &> /dev/null
96	:	1572258763.862	    11.773	0	0	0	0	cd /home/guilhermel/Programs/tf_phoenix/Benchs/PolyBench/datamining/covariance && timeout --signal=TERM 0 ./covariance.exe 0.80 < /dev/null &> /dev/null
97	:	1572258775.637	    11.809	0	0	0	0	cd /home/guilhermel/Programs/tf_phoenix/Benchs/PolyBench/datamining/covariance && timeout --signal=TERM 0 ./covariance.exe 0.85 < /dev/null &> /dev/null
98	:	1572258787.448	    11.805	0	0	0	0	cd /home/guilhermel/Programs/tf_phoenix/Benchs/PolyBench/datamining/covariance && timeout --signal=TERM 0 ./covariance.exe 0.90 < /dev/null &> /dev/null
99	:	1572258799.256	    11.802	0	0	0	0	cd /home/guilhermel/Programs/tf_phoenix/Benchs/PolyBench/datamining/covariance && timeout --signal=TERM 0 ./covariance.exe 0.95 < /dev/null &> /dev/null
100	:	1572258811.060	    11.765	0	0	0	0	cd /home/guilhermel/Programs/tf_phoenix/Benchs/PolyBench/datamining/covariance && timeout --signal=TERM 0 ./covariance.exe 1.00 < /dev/null &> /dev/null
