Seq	Host	Starttime	JobRuntime	Send	Receive	Exitval	Signal	Command
1	:	1572268658.729	    60.100	0	0	0	0	cd /home/guilhermel/Programs/tf_phoenix/Benchs/PolyBench/linear-algebra/solvers/cholesky && timeout --signal=TERM 0 ./INS_cholesky.exe 0.05 < /dev/null &> /dev/null
2	:	1572268718.832	    59.821	0	0	0	0	cd /home/guilhermel/Programs/tf_phoenix/Benchs/PolyBench/linear-algebra/solvers/cholesky && timeout --signal=TERM 0 ./INS_cholesky.exe 0.10 < /dev/null &> /dev/null
3	:	1572268778.655	    60.273	0	0	0	0	cd /home/guilhermel/Programs/tf_phoenix/Benchs/PolyBench/linear-algebra/solvers/cholesky && timeout --signal=TERM 0 ./INS_cholesky.exe 0.15 < /dev/null &> /dev/null
4	:	1572268838.930	    60.369	0	0	0	0	cd /home/guilhermel/Programs/tf_phoenix/Benchs/PolyBench/linear-algebra/solvers/cholesky && timeout --signal=TERM 0 ./INS_cholesky.exe 0.20 < /dev/null &> /dev/null
5	:	1572268899.303	    60.286	0	0	0	0	cd /home/guilhermel/Programs/tf_phoenix/Benchs/PolyBench/linear-algebra/solvers/cholesky && timeout --signal=TERM 0 ./INS_cholesky.exe 0.25 < /dev/null &> /dev/null
6	:	1572268959.592	    60.503	0	0	0	0	cd /home/guilhermel/Programs/tf_phoenix/Benchs/PolyBench/linear-algebra/solvers/cholesky && timeout --signal=TERM 0 ./INS_cholesky.exe 0.30 < /dev/null &> /dev/null
7	:	1572269020.098	    60.542	0	0	0	0	cd /home/guilhermel/Programs/tf_phoenix/Benchs/PolyBench/linear-algebra/solvers/cholesky && timeout --signal=TERM 0 ./INS_cholesky.exe 0.35 < /dev/null &> /dev/null
8	:	1572269080.643	    60.638	0	0	0	0	cd /home/guilhermel/Programs/tf_phoenix/Benchs/PolyBench/linear-algebra/solvers/cholesky && timeout --signal=TERM 0 ./INS_cholesky.exe 0.40 < /dev/null &> /dev/null
9	:	1572269141.284	    61.002	0	0	0	0	cd /home/guilhermel/Programs/tf_phoenix/Benchs/PolyBench/linear-algebra/solvers/cholesky && timeout --signal=TERM 0 ./INS_cholesky.exe 0.45 < /dev/null &> /dev/null
10	:	1572269202.289	    60.730	0	0	0	0	cd /home/guilhermel/Programs/tf_phoenix/Benchs/PolyBench/linear-algebra/solvers/cholesky && timeout --signal=TERM 0 ./INS_cholesky.exe 0.50 < /dev/null &> /dev/null
11	:	1572269263.023	    61.055	0	0	0	0	cd /home/guilhermel/Programs/tf_phoenix/Benchs/PolyBench/linear-algebra/solvers/cholesky && timeout --signal=TERM 0 ./INS_cholesky.exe 0.55 < /dev/null &> /dev/null
12	:	1572269324.081	    60.852	0	0	0	0	cd /home/guilhermel/Programs/tf_phoenix/Benchs/PolyBench/linear-algebra/solvers/cholesky && timeout --signal=TERM 0 ./INS_cholesky.exe 0.60 < /dev/null &> /dev/null
13	:	1572269384.937	    60.753	0	0	0	0	cd /home/guilhermel/Programs/tf_phoenix/Benchs/PolyBench/linear-algebra/solvers/cholesky && timeout --signal=TERM 0 ./INS_cholesky.exe 0.65 < /dev/null &> /dev/null
14	:	1572269445.693	    60.908	0	0	0	0	cd /home/guilhermel/Programs/tf_phoenix/Benchs/PolyBench/linear-algebra/solvers/cholesky && timeout --signal=TERM 0 ./INS_cholesky.exe 0.70 < /dev/null &> /dev/null
15	:	1572269506.604	    60.777	0	0	0	0	cd /home/guilhermel/Programs/tf_phoenix/Benchs/PolyBench/linear-algebra/solvers/cholesky && timeout --signal=TERM 0 ./INS_cholesky.exe 0.75 < /dev/null &> /dev/null
16	:	1572269567.384	    60.845	0	0	0	0	cd /home/guilhermel/Programs/tf_phoenix/Benchs/PolyBench/linear-algebra/solvers/cholesky && timeout --signal=TERM 0 ./INS_cholesky.exe 0.80 < /dev/null &> /dev/null
17	:	1572269628.231	    60.844	0	0	0	0	cd /home/guilhermel/Programs/tf_phoenix/Benchs/PolyBench/linear-algebra/solvers/cholesky && timeout --signal=TERM 0 ./INS_cholesky.exe 0.85 < /dev/null &> /dev/null
18	:	1572269689.078	    60.859	0	0	0	0	cd /home/guilhermel/Programs/tf_phoenix/Benchs/PolyBench/linear-algebra/solvers/cholesky && timeout --signal=TERM 0 ./INS_cholesky.exe 0.90 < /dev/null &> /dev/null
19	:	1572269749.940	    60.794	0	0	0	0	cd /home/guilhermel/Programs/tf_phoenix/Benchs/PolyBench/linear-algebra/solvers/cholesky && timeout --signal=TERM 0 ./INS_cholesky.exe 0.95 < /dev/null &> /dev/null
20	:	1572269810.738	    60.197	0	0	0	0	cd /home/guilhermel/Programs/tf_phoenix/Benchs/PolyBench/linear-algebra/solvers/cholesky && timeout --signal=TERM 0 ./INS_cholesky.exe 1.00 < /dev/null &> /dev/null
21	:	1572269870.938	    76.192	0	0	0	0	cd /home/guilhermel/Programs/tf_phoenix/Benchs/PolyBench/linear-algebra/solvers/lu && timeout --signal=TERM 0 ./INS_lu.exe 0.05 < /dev/null &> /dev/null
22	:	1572269947.132	    76.381	0	0	0	0	cd /home/guilhermel/Programs/tf_phoenix/Benchs/PolyBench/linear-algebra/solvers/lu && timeout --signal=TERM 0 ./INS_lu.exe 0.10 < /dev/null &> /dev/null
23	:	1572270023.516	    76.273	0	0	0	0	cd /home/guilhermel/Programs/tf_phoenix/Benchs/PolyBench/linear-algebra/solvers/lu && timeout --signal=TERM 0 ./INS_lu.exe 0.15 < /dev/null &> /dev/null
24	:	1572270099.791	    76.425	0	0	0	0	cd /home/guilhermel/Programs/tf_phoenix/Benchs/PolyBench/linear-algebra/solvers/lu && timeout --signal=TERM 0 ./INS_lu.exe 0.20 < /dev/null &> /dev/null
25	:	1572270176.218	    76.482	0	0	0	0	cd /home/guilhermel/Programs/tf_phoenix/Benchs/PolyBench/linear-algebra/solvers/lu && timeout --signal=TERM 0 ./INS_lu.exe 0.25 < /dev/null &> /dev/null
26	:	1572270252.702	    76.648	0	0	0	0	cd /home/guilhermel/Programs/tf_phoenix/Benchs/PolyBench/linear-algebra/solvers/lu && timeout --signal=TERM 0 ./INS_lu.exe 0.30 < /dev/null &> /dev/null
27	:	1572270329.353	    77.023	0	0	0	0	cd /home/guilhermel/Programs/tf_phoenix/Benchs/PolyBench/linear-algebra/solvers/lu && timeout --signal=TERM 0 ./INS_lu.exe 0.35 < /dev/null &> /dev/null
28	:	1572270406.378	    76.720	0	0	0	0	cd /home/guilhermel/Programs/tf_phoenix/Benchs/PolyBench/linear-algebra/solvers/lu && timeout --signal=TERM 0 ./INS_lu.exe 0.40 < /dev/null &> /dev/null
29	:	1572270483.101	    77.271	0	0	0	0	cd /home/guilhermel/Programs/tf_phoenix/Benchs/PolyBench/linear-algebra/solvers/lu && timeout --signal=TERM 0 ./INS_lu.exe 0.45 < /dev/null &> /dev/null
30	:	1572270560.375	    76.903	0	0	0	0	cd /home/guilhermel/Programs/tf_phoenix/Benchs/PolyBench/linear-algebra/solvers/lu && timeout --signal=TERM 0 ./INS_lu.exe 0.50 < /dev/null &> /dev/null
31	:	1572270637.280	    77.328	0	0	0	0	cd /home/guilhermel/Programs/tf_phoenix/Benchs/PolyBench/linear-algebra/solvers/lu && timeout --signal=TERM 0 ./INS_lu.exe 0.55 < /dev/null &> /dev/null
32	:	1572270714.610	    77.577	0	0	0	0	cd /home/guilhermel/Programs/tf_phoenix/Benchs/PolyBench/linear-algebra/solvers/lu && timeout --signal=TERM 0 ./INS_lu.exe 0.60 < /dev/null &> /dev/null
33	:	1572270792.189	    77.376	0	0	0	0	cd /home/guilhermel/Programs/tf_phoenix/Benchs/PolyBench/linear-algebra/solvers/lu && timeout --signal=TERM 0 ./INS_lu.exe 0.65 < /dev/null &> /dev/null
34	:	1572270869.567	    76.986	0	0	0	0	cd /home/guilhermel/Programs/tf_phoenix/Benchs/PolyBench/linear-algebra/solvers/lu && timeout --signal=TERM 0 ./INS_lu.exe 0.70 < /dev/null &> /dev/null
35	:	1572270946.555	    77.029	0	0	0	0	cd /home/guilhermel/Programs/tf_phoenix/Benchs/PolyBench/linear-algebra/solvers/lu && timeout --signal=TERM 0 ./INS_lu.exe 0.75 < /dev/null &> /dev/null
36	:	1572271023.587	    76.967	0	0	0	0	cd /home/guilhermel/Programs/tf_phoenix/Benchs/PolyBench/linear-algebra/solvers/lu && timeout --signal=TERM 0 ./INS_lu.exe 0.80 < /dev/null &> /dev/null
37	:	1572271100.556	    77.280	0	0	0	0	cd /home/guilhermel/Programs/tf_phoenix/Benchs/PolyBench/linear-algebra/solvers/lu && timeout --signal=TERM 0 ./INS_lu.exe 0.85 < /dev/null &> /dev/null
38	:	1572271177.839	    77.097	0	0	0	0	cd /home/guilhermel/Programs/tf_phoenix/Benchs/PolyBench/linear-algebra/solvers/lu && timeout --signal=TERM 0 ./INS_lu.exe 0.90 < /dev/null &> /dev/null
39	:	1572271254.938	    77.079	0	0	0	0	cd /home/guilhermel/Programs/tf_phoenix/Benchs/PolyBench/linear-algebra/solvers/lu && timeout --signal=TERM 0 ./INS_lu.exe 0.95 < /dev/null &> /dev/null
40	:	1572271332.021	    75.856	0	0	0	0	cd /home/guilhermel/Programs/tf_phoenix/Benchs/PolyBench/linear-algebra/solvers/lu && timeout --signal=TERM 0 ./INS_lu.exe 1.00 < /dev/null &> /dev/null
41	:	1572271407.880	    74.177	0	0	0	0	cd /home/guilhermel/Programs/tf_phoenix/Benchs/PolyBench/linear-algebra/solvers/ludcmp && timeout --signal=TERM 0 ./INS_ludcmp.exe 0.05 < /dev/null &> /dev/null
42	:	1572271482.060	    74.018	0	0	0	0	cd /home/guilhermel/Programs/tf_phoenix/Benchs/PolyBench/linear-algebra/solvers/ludcmp && timeout --signal=TERM 0 ./INS_ludcmp.exe 0.10 < /dev/null &> /dev/null
43	:	1572271556.081	    74.169	0	0	0	0	cd /home/guilhermel/Programs/tf_phoenix/Benchs/PolyBench/linear-algebra/solvers/ludcmp && timeout --signal=TERM 0 ./INS_ludcmp.exe 0.15 < /dev/null &> /dev/null
44	:	1572271630.253	    74.250	0	0	0	0	cd /home/guilhermel/Programs/tf_phoenix/Benchs/PolyBench/linear-algebra/solvers/ludcmp && timeout --signal=TERM 0 ./INS_ludcmp.exe 0.20 < /dev/null &> /dev/null
45	:	1572271704.507	    74.361	0	0	0	0	cd /home/guilhermel/Programs/tf_phoenix/Benchs/PolyBench/linear-algebra/solvers/ludcmp && timeout --signal=TERM 0 ./INS_ludcmp.exe 0.25 < /dev/null &> /dev/null
46	:	1572271778.872	    74.375	0	0	0	0	cd /home/guilhermel/Programs/tf_phoenix/Benchs/PolyBench/linear-algebra/solvers/ludcmp && timeout --signal=TERM 0 ./INS_ludcmp.exe 0.30 < /dev/null &> /dev/null
47	:	1572271853.249	    74.578	0	0	0	0	cd /home/guilhermel/Programs/tf_phoenix/Benchs/PolyBench/linear-algebra/solvers/ludcmp && timeout --signal=TERM 0 ./INS_ludcmp.exe 0.35 < /dev/null &> /dev/null
48	:	1572271927.830	    74.765	0	0	0	0	cd /home/guilhermel/Programs/tf_phoenix/Benchs/PolyBench/linear-algebra/solvers/ludcmp && timeout --signal=TERM 0 ./INS_ludcmp.exe 0.40 < /dev/null &> /dev/null
49	:	1572272002.597	    74.821	0	0	0	0	cd /home/guilhermel/Programs/tf_phoenix/Benchs/PolyBench/linear-algebra/solvers/ludcmp && timeout --signal=TERM 0 ./INS_ludcmp.exe 0.45 < /dev/null &> /dev/null
50	:	1572272077.420	    74.846	0	0	0	0	cd /home/guilhermel/Programs/tf_phoenix/Benchs/PolyBench/linear-algebra/solvers/ludcmp && timeout --signal=TERM 0 ./INS_ludcmp.exe 0.50 < /dev/null &> /dev/null
51	:	1572272152.269	    74.634	0	0	0	0	cd /home/guilhermel/Programs/tf_phoenix/Benchs/PolyBench/linear-algebra/solvers/ludcmp && timeout --signal=TERM 0 ./INS_ludcmp.exe 0.55 < /dev/null &> /dev/null
52	:	1572272226.906	    74.940	0	0	0	0	cd /home/guilhermel/Programs/tf_phoenix/Benchs/PolyBench/linear-algebra/solvers/ludcmp && timeout --signal=TERM 0 ./INS_ludcmp.exe 0.60 < /dev/null &> /dev/null
53	:	1572272301.849	    75.003	0	0	0	0	cd /home/guilhermel/Programs/tf_phoenix/Benchs/PolyBench/linear-algebra/solvers/ludcmp && timeout --signal=TERM 0 ./INS_ludcmp.exe 0.65 < /dev/null &> /dev/null
54	:	1572272376.855	    74.991	0	0	0	0	cd /home/guilhermel/Programs/tf_phoenix/Benchs/PolyBench/linear-algebra/solvers/ludcmp && timeout --signal=TERM 0 ./INS_ludcmp.exe 0.70 < /dev/null &> /dev/null
55	:	1572272451.849	    74.832	0	0	0	0	cd /home/guilhermel/Programs/tf_phoenix/Benchs/PolyBench/linear-algebra/solvers/ludcmp && timeout --signal=TERM 0 ./INS_ludcmp.exe 0.75 < /dev/null &> /dev/null
56	:	1572272526.684	    74.947	0	0	0	0	cd /home/guilhermel/Programs/tf_phoenix/Benchs/PolyBench/linear-algebra/solvers/ludcmp && timeout --signal=TERM 0 ./INS_ludcmp.exe 0.80 < /dev/null &> /dev/null
57	:	1572272601.633	    74.755	0	0	0	0	cd /home/guilhermel/Programs/tf_phoenix/Benchs/PolyBench/linear-algebra/solvers/ludcmp && timeout --signal=TERM 0 ./INS_ludcmp.exe 0.85 < /dev/null &> /dev/null
58	:	1572272676.390	    74.963	0	0	0	0	cd /home/guilhermel/Programs/tf_phoenix/Benchs/PolyBench/linear-algebra/solvers/ludcmp && timeout --signal=TERM 0 ./INS_ludcmp.exe 0.90 < /dev/null &> /dev/null
59	:	1572272751.356	    74.809	0	0	0	0	cd /home/guilhermel/Programs/tf_phoenix/Benchs/PolyBench/linear-algebra/solvers/ludcmp && timeout --signal=TERM 0 ./INS_ludcmp.exe 0.95 < /dev/null &> /dev/null
60	:	1572272826.169	    74.661	0	0	0	0	cd /home/guilhermel/Programs/tf_phoenix/Benchs/PolyBench/linear-algebra/solvers/ludcmp && timeout --signal=TERM 0 ./INS_ludcmp.exe 1.00 < /dev/null &> /dev/null
61	:	1572272900.832	    22.052	0	0	0	0	cd /home/guilhermel/Programs/tf_phoenix/Benchs/PolyBench/linear-algebra/solvers/gramschmidt && timeout --signal=TERM 0 ./INS_gramschmidt.exe 0.05 < /dev/null &> /dev/null
62	:	1572272922.887	    21.924	0	0	0	0	cd /home/guilhermel/Programs/tf_phoenix/Benchs/PolyBench/linear-algebra/solvers/gramschmidt && timeout --signal=TERM 0 ./INS_gramschmidt.exe 0.10 < /dev/null &> /dev/null
63	:	1572272944.814	    22.005	0	0	0	0	cd /home/guilhermel/Programs/tf_phoenix/Benchs/PolyBench/linear-algebra/solvers/gramschmidt && timeout --signal=TERM 0 ./INS_gramschmidt.exe 0.15 < /dev/null &> /dev/null
64	:	1572272966.821	    22.073	0	0	0	0	cd /home/guilhermel/Programs/tf_phoenix/Benchs/PolyBench/linear-algebra/solvers/gramschmidt && timeout --signal=TERM 0 ./INS_gramschmidt.exe 0.20 < /dev/null &> /dev/null
65	:	1572272988.897	    22.050	0	0	0	0	cd /home/guilhermel/Programs/tf_phoenix/Benchs/PolyBench/linear-algebra/solvers/gramschmidt && timeout --signal=TERM 0 ./INS_gramschmidt.exe 0.25 < /dev/null &> /dev/null
66	:	1572273010.950	    21.973	0	0	0	0	cd /home/guilhermel/Programs/tf_phoenix/Benchs/PolyBench/linear-algebra/solvers/gramschmidt && timeout --signal=TERM 0 ./INS_gramschmidt.exe 0.30 < /dev/null &> /dev/null
67	:	1572273032.925	    22.000	0	0	0	0	cd /home/guilhermel/Programs/tf_phoenix/Benchs/PolyBench/linear-algebra/solvers/gramschmidt && timeout --signal=TERM 0 ./INS_gramschmidt.exe 0.35 < /dev/null &> /dev/null
68	:	1572273054.927	    22.162	0	0	0	0	cd /home/guilhermel/Programs/tf_phoenix/Benchs/PolyBench/linear-algebra/solvers/gramschmidt && timeout --signal=TERM 0 ./INS_gramschmidt.exe 0.40 < /dev/null &> /dev/null
69	:	1572273077.092	    22.085	0	0	0	0	cd /home/guilhermel/Programs/tf_phoenix/Benchs/PolyBench/linear-algebra/solvers/gramschmidt && timeout --signal=TERM 0 ./INS_gramschmidt.exe 0.45 < /dev/null &> /dev/null
70	:	1572273099.181	    22.112	0	0	0	0	cd /home/guilhermel/Programs/tf_phoenix/Benchs/PolyBench/linear-algebra/solvers/gramschmidt && timeout --signal=TERM 0 ./INS_gramschmidt.exe 0.50 < /dev/null &> /dev/null
71	:	1572273121.297	    22.014	0	0	0	0	cd /home/guilhermel/Programs/tf_phoenix/Benchs/PolyBench/linear-algebra/solvers/gramschmidt && timeout --signal=TERM 0 ./INS_gramschmidt.exe 0.55 < /dev/null &> /dev/null
72	:	1572273143.313	    22.045	0	0	0	0	cd /home/guilhermel/Programs/tf_phoenix/Benchs/PolyBench/linear-algebra/solvers/gramschmidt && timeout --signal=TERM 0 ./INS_gramschmidt.exe 0.60 < /dev/null &> /dev/null
73	:	1572273165.361	    22.112	0	0	0	0	cd /home/guilhermel/Programs/tf_phoenix/Benchs/PolyBench/linear-algebra/solvers/gramschmidt && timeout --signal=TERM 0 ./INS_gramschmidt.exe 0.65 < /dev/null &> /dev/null
74	:	1572273187.476	    22.040	0	0	0	0	cd /home/guilhermel/Programs/tf_phoenix/Benchs/PolyBench/linear-algebra/solvers/gramschmidt && timeout --signal=TERM 0 ./INS_gramschmidt.exe 0.70 < /dev/null &> /dev/null
75	:	1572273209.520	    22.052	0	0	0	0	cd /home/guilhermel/Programs/tf_phoenix/Benchs/PolyBench/linear-algebra/solvers/gramschmidt && timeout --signal=TERM 0 ./INS_gramschmidt.exe 0.75 < /dev/null &> /dev/null
76	:	1572273231.574	    22.051	0	0	0	0	cd /home/guilhermel/Programs/tf_phoenix/Benchs/PolyBench/linear-algebra/solvers/gramschmidt && timeout --signal=TERM 0 ./INS_gramschmidt.exe 0.80 < /dev/null &> /dev/null
77	:	1572273253.627	    22.094	0	0	0	0	cd /home/guilhermel/Programs/tf_phoenix/Benchs/PolyBench/linear-algebra/solvers/gramschmidt && timeout --signal=TERM 0 ./INS_gramschmidt.exe 0.85 < /dev/null &> /dev/null
78	:	1572273275.724	    22.108	0	0	0	0	cd /home/guilhermel/Programs/tf_phoenix/Benchs/PolyBench/linear-algebra/solvers/gramschmidt && timeout --signal=TERM 0 ./INS_gramschmidt.exe 0.90 < /dev/null &> /dev/null
79	:	1572273297.835	    22.096	0	0	0	0	cd /home/guilhermel/Programs/tf_phoenix/Benchs/PolyBench/linear-algebra/solvers/gramschmidt && timeout --signal=TERM 0 ./INS_gramschmidt.exe 0.95 < /dev/null &> /dev/null
80	:	1572273319.934	    21.831	0	0	0	0	cd /home/guilhermel/Programs/tf_phoenix/Benchs/PolyBench/linear-algebra/solvers/gramschmidt && timeout --signal=TERM 0 ./INS_gramschmidt.exe 1.00 < /dev/null &> /dev/null
81	:	1572273341.767	    11.720	0	0	0	0	cd /home/guilhermel/Programs/tf_phoenix/Benchs/PolyBench/datamining/covariance && timeout --signal=TERM 0 ./INS_covariance.exe 0.05 < /dev/null &> /dev/null
82	:	1572273353.490	    11.621	0	0	0	0	cd /home/guilhermel/Programs/tf_phoenix/Benchs/PolyBench/datamining/covariance && timeout --signal=TERM 0 ./INS_covariance.exe 0.10 < /dev/null &> /dev/null
83	:	1572273365.113	    11.682	0	0	0	0	cd /home/guilhermel/Programs/tf_phoenix/Benchs/PolyBench/datamining/covariance && timeout --signal=TERM 0 ./INS_covariance.exe 0.15 < /dev/null &> /dev/null
84	:	1572273376.797	    11.616	0	0	0	0	cd /home/guilhermel/Programs/tf_phoenix/Benchs/PolyBench/datamining/covariance && timeout --signal=TERM 0 ./INS_covariance.exe 0.20 < /dev/null &> /dev/null
85	:	1572273388.415	    11.739	0	0	0	0	cd /home/guilhermel/Programs/tf_phoenix/Benchs/PolyBench/datamining/covariance && timeout --signal=TERM 0 ./INS_covariance.exe 0.25 < /dev/null &> /dev/null
86	:	1572273400.156	    11.650	0	0	0	0	cd /home/guilhermel/Programs/tf_phoenix/Benchs/PolyBench/datamining/covariance && timeout --signal=TERM 0 ./INS_covariance.exe 0.30 < /dev/null &> /dev/null
87	:	1572273411.808	    11.736	0	0	0	0	cd /home/guilhermel/Programs/tf_phoenix/Benchs/PolyBench/datamining/covariance && timeout --signal=TERM 0 ./INS_covariance.exe 0.35 < /dev/null &> /dev/null
88	:	1572273423.548	    11.717	0	0	0	0	cd /home/guilhermel/Programs/tf_phoenix/Benchs/PolyBench/datamining/covariance && timeout --signal=TERM 0 ./INS_covariance.exe 0.40 < /dev/null &> /dev/null
89	:	1572273435.268	    11.665	0	0	0	0	cd /home/guilhermel/Programs/tf_phoenix/Benchs/PolyBench/datamining/covariance && timeout --signal=TERM 0 ./INS_covariance.exe 0.45 < /dev/null &> /dev/null
90	:	1572273446.935	    11.713	0	0	0	0	cd /home/guilhermel/Programs/tf_phoenix/Benchs/PolyBench/datamining/covariance && timeout --signal=TERM 0 ./INS_covariance.exe 0.50 < /dev/null &> /dev/null
91	:	1572273458.651	    11.624	0	0	0	0	cd /home/guilhermel/Programs/tf_phoenix/Benchs/PolyBench/datamining/covariance && timeout --signal=TERM 0 ./INS_covariance.exe 0.55 < /dev/null &> /dev/null
92	:	1572273470.278	    11.731	0	0	0	0	cd /home/guilhermel/Programs/tf_phoenix/Benchs/PolyBench/datamining/covariance && timeout --signal=TERM 0 ./INS_covariance.exe 0.60 < /dev/null &> /dev/null
93	:	1572273482.012	    11.634	0	0	0	0	cd /home/guilhermel/Programs/tf_phoenix/Benchs/PolyBench/datamining/covariance && timeout --signal=TERM 0 ./INS_covariance.exe 0.65 < /dev/null &> /dev/null
94	:	1572273493.649	    11.762	0	0	0	0	cd /home/guilhermel/Programs/tf_phoenix/Benchs/PolyBench/datamining/covariance && timeout --signal=TERM 0 ./INS_covariance.exe 0.70 < /dev/null &> /dev/null
95	:	1572273505.413	    11.635	0	0	0	0	cd /home/guilhermel/Programs/tf_phoenix/Benchs/PolyBench/datamining/covariance && timeout --signal=TERM 0 ./INS_covariance.exe 0.75 < /dev/null &> /dev/null
96	:	1572273517.051	    11.673	0	0	0	0	cd /home/guilhermel/Programs/tf_phoenix/Benchs/PolyBench/datamining/covariance && timeout --signal=TERM 0 ./INS_covariance.exe 0.80 < /dev/null &> /dev/null
97	:	1572273528.728	    11.666	0	0	0	0	cd /home/guilhermel/Programs/tf_phoenix/Benchs/PolyBench/datamining/covariance && timeout --signal=TERM 0 ./INS_covariance.exe 0.85 < /dev/null &> /dev/null
98	:	1572273540.397	    11.756	0	0	0	0	cd /home/guilhermel/Programs/tf_phoenix/Benchs/PolyBench/datamining/covariance && timeout --signal=TERM 0 ./INS_covariance.exe 0.90 < /dev/null &> /dev/null
99	:	1572273552.156	    11.645	0	0	0	0	cd /home/guilhermel/Programs/tf_phoenix/Benchs/PolyBench/datamining/covariance && timeout --signal=TERM 0 ./INS_covariance.exe 0.95 < /dev/null &> /dev/null
100	:	1572273563.803	    11.634	0	0	0	0	cd /home/guilhermel/Programs/tf_phoenix/Benchs/PolyBench/datamining/covariance && timeout --signal=TERM 0 ./INS_covariance.exe 1.00 < /dev/null &> /dev/null
