Seq	Host	Starttime	JobRuntime	Send	Receive	Exitval	Signal	Command
1	:	1580086415.408	     2.322	0	0	0	0	cd /home/guilhermel/Programs/tf/Benchs/TSVC/Recurrences-dbl && timeout --signal=TERM 0 ./INS_Recurrences-dbl.exe  20000 14  < /dev/null &> /dev/null
2	:	1580086417.733	     2.761	0	0	0	0	cd /home/guilhermel/Programs/tf/Benchs/TSVC/Recurrences-flt && timeout --signal=TERM 0 ./INS_Recurrences-flt.exe  20000 5  < /dev/null &> /dev/null
3	:	1580086420.497	     0.851	0	0	0	0	cd /home/guilhermel/Programs/tf/Benchs/VersaBench/dbms && timeout --signal=TERM 0 ./INS_dbms.exe -i /home/guilhermel/Programs/tf/Benchs/VersaBench/dbms/dbms.ref.in < /dev/null &> /dev/null
4	:	1580086421.350	     0.578	0	0	0	0	cd /home/guilhermel/Programs/tf/Benchs/Misc/ffbench && timeout --signal=TERM 0 ./INS_ffbench.exe   < /dev/null &> /dev/null
5	:	1580086421.930	     3.315	0	0	0	0	cd /home/guilhermel/Programs/tf/Benchs/VersaBench/bmm && timeout --signal=TERM 0 ./INS_bmm.exe 1024 64 < /dev/null &> /dev/null
6	:	1580086425.248	     0.038	0	0	0	0	cd /home/guilhermel/Programs/tf/Benchs/McCat/08-main && timeout --signal=TERM 0 ./INS_08-main.exe  < /dev/null &> /dev/null
7	:	1580086425.288	     0.812	0	0	0	0	cd /home/guilhermel/Programs/tf/Benchs/MallocBench/cfrac && timeout --signal=TERM 0 ./INS_cfrac.exe 41757646344123832613190542166099121 < /dev/null &> /dev/null
8	:	1580086426.103	     5.130	0	0	0	0	cd /home/guilhermel/Programs/tf/Benchs/DOE_ProxyApps_C/miniGMG && timeout --signal=TERM 0 ./INS_miniGMG.exe  6  2 2 2  1 1 1  < /dev/null &> /dev/null
9	:	1580086431.235	     0.077	0	0	0	0	cd /home/guilhermel/Programs/tf/Benchs/FreeBench/neural && timeout --signal=TERM 0 ./INS_neural.exe /home/guilhermel/Programs/tf/Benchs/FreeBench/neural/test.in < /dev/null &> /dev/null
10	:	1580086431.314	     5.157	0	0	0	0	cd /home/guilhermel/Programs/tf/Benchs/cBench/consumer_jpeg_c/src && ./__run 1 INS_consumer_jpeg_c.exe
11	:	1580086436.474	     4.758	0	0	0	0	cd /home/guilhermel/Programs/tf/Benchs/tramp3d-v4 && timeout --signal=TERM 0 ./INS_tramp3d-v4.exe  --cartvis 1.0 0.0 --rhomin 1e-8 -n 4 --domain 32 32 32 < /dev/null &> /dev/null
12	:	1580086441.234	     3.235	0	0	0	0	cd /home/guilhermel/Programs/tf/Benchs/TSVC/LinearDependence-flt && timeout --signal=TERM 0 ./INS_LinearDependence-flt.exe  3570 5  < /dev/null &> /dev/null
13	:	1580086444.471	     3.811	0	0	0	0	cd /home/guilhermel/Programs/tf/Benchs/TSVC/LinearDependence-dbl && timeout --signal=TERM 0 ./INS_LinearDependence-dbl.exe  3570 14  < /dev/null &> /dev/null
14	:	1580086448.284	     0.037	0	0	0	0	cd /home/guilhermel/Programs/tf/Benchs/MallocBench/gs && timeout --signal=TERM 0 ./INS_gs.exe -DNODISPLAY /home/guilhermel/Programs/tf/Benchs/MallocBench/gs/INPUT/large.ps < /dev/null &> /dev/null
15	:	1580086448.323	     0.319	0	0	0	0	cd /home/guilhermel/Programs/tf/Benchs/MallocBench/espresso && timeout --signal=TERM 0 ./INS_expresso.exe -t /home/guilhermel/Programs/tf/Benchs/MallocBench/espresso/INPUT/largest.espresso < /dev/null &> /dev/null
16	:	1580086448.644	     0.190	0	0	0	0	cd /home/guilhermel/Programs/tf/Benchs/Olden/health && timeout --signal=TERM 0 ./INS_health.exe 9 20 1 < /dev/null &> /dev/null
17	:	1580086448.837	     2.142	0	0	0	0	cd /home/guilhermel/Programs/tf/Benchs/TSVC/StatementReordering-flt && timeout --signal=TERM 0 ./INS_StatementReordering-flt.exe  20000 5  < /dev/null &> /dev/null
18	:	1580086450.981	     2.779	0	0	0	0	cd /home/guilhermel/Programs/tf/Benchs/TSVC/StatementReordering-dbl && timeout --signal=TERM 0 ./INS_StatementReordering-dbl.exe  20000 14  < /dev/null &> /dev/null
19	:	1580086453.762	     2.332	0	0	0	0	cd /home/guilhermel/Programs/tf/Benchs/TSVC/Expansion-dbl && timeout --signal=TERM 0 ./INS_Expansion-dbl.exe  4160 14  < /dev/null &> /dev/null
20	:	1580086456.097	     1.374	0	0	0	0	cd /home/guilhermel/Programs/tf/Benchs/TSVC/Expansion-flt && timeout --signal=TERM 0 ./INS_Expansion-flt.exe  4160 5  < /dev/null &> /dev/null
21	:	1580086457.474	     2.370	0	0	0	0	cd /home/guilhermel/Programs/tf/Benchs/TSVC/ControlLoops-dbl && timeout --signal=TERM 0 ./INS_ControlLoops-dbl.exe  1640 14  < /dev/null &> /dev/null
22	:	1580086459.846	     2.269	0	0	0	0	cd /home/guilhermel/Programs/tf/Benchs/TSVC/ControlLoops-flt && timeout --signal=TERM 0 ./INS_ControlLoops-flt.exe  1640 5  < /dev/null &> /dev/null
23	:	1580086462.118	     0.609	0	0	0	0	cd /home/guilhermel/Programs/tf/Benchs/Ptrdist/anagram && timeout --signal=TERM 0 ./INS_anagram.exe  words 2  < input.OUT &> /dev/null
24	:	1580086462.730	     3.912	0	0	0	0	cd /home/guilhermel/Programs/tf/Benchs/cBench/consumer_lame/src && ./__run 1 INS_consumer_lame.exe
25	:	1580086466.645	     0.076	0	0	0	0	cd /home/guilhermel/Programs/tf/Benchs/ASCI_Purple && timeout --signal=TERM 0 ./INS_smg2000.exe  -n 30 15 30 -c 0.1 1.0 10.0  < /dev/null &> /dev/null
26	:	1580086466.724	     0.121	0	0	0	0	cd /home/guilhermel/Programs/tf/Benchs/FreeBench/distray && timeout --signal=TERM 0 ./INS_distray.exe /home/guilhermel/Programs/tf/Benchs/FreeBench/distray/test.in < /dev/null &> /dev/null
27	:	1580086466.848	    16.769	0	0	0	0	cd /home/guilhermel/Programs/tf/Benchs/cBench/consumer_jpeg_d/src && ./__run 1 INS_consumer_jpeg_d.exe
28	:	1580086483.621	     0.088	0	0	0	0	cd /home/guilhermel/Programs/tf/Benchs/mediabench/g721/g721encode && timeout --signal=TERM 0 ./INS_g721.exe  <  ../data/clinton.pcm  &> /dev/null
29	:	1580086483.711	     0.578	0	0	0	0	cd /home/guilhermel/Programs/tf/Benchs/Ptrdist/yacr2 && timeout --signal=TERM 0 ./INS_yacr2.exe  input2.in  < /dev/null &> /dev/null
30	:	1580086484.292	     1.911	0	0	0	0	cd /home/guilhermel/Programs/tf/Benchs/DOE_ProxyApps_C/Pathfinder && timeout --signal=TERM 0 ./INS_Pathfinder.exe  -x medsmall1.adj_list  < /dev/null &> /dev/null
31	:	1580086486.206	     6.378	0	0	0	0	cd /home/guilhermel/Programs/tf/Benchs/cBench/consumer_tiffdither/src && ./__run 1 INS_consumer_tiffdither.exe
32	:	1580086492.586	     3.804	0	0	0	0	cd /home/guilhermel/Programs/tf/Benchs/cBench/bzip2e/src && ./__run 1 INS_bzip2e.exe
33	:	1580086496.392	     2.906	0	0	0	0	cd /home/guilhermel/Programs/tf/Benchs/TSVC/ControlFlow-flt && timeout --signal=TERM 0 ./INS_ControlFlow-flt.exe  2325 5  < /dev/null &> /dev/null
34	:	1580086499.300	     2.111	0	0	0	0	cd /home/guilhermel/Programs/tf/Benchs/TSVC/GlobalDataFlow-flt && timeout --signal=TERM 0 ./INS_GlobalDataFlow-flt.exe  3450 5  < /dev/null &> /dev/null
35	:	1580086501.414	     2.155	0	0	0	0	cd /home/guilhermel/Programs/tf/Benchs/TSVC/InductionVariable-flt && timeout --signal=TERM 0 ./INS_InductionVariable-flt.exe  9100 5  < /dev/null &> /dev/null
36	:	1580086503.572	     2.635	0	0	0	0	cd /home/guilhermel/Programs/tf/Benchs/TSVC/LoopRestructuring-flt && timeout --signal=TERM 0 ./INS_LoopRestructuring-flt.exe  4350 5  < /dev/null &> /dev/null
37	:	1580086506.210	     1.131	0	0	0	0	cd /home/guilhermel/Programs/tf/Benchs/TSVC/Symbolics-flt && timeout --signal=TERM 0 ./INS_Symbolics-flt.exe  9090 5  < /dev/null &> /dev/null
