Seq	Host	Starttime	JobRuntime	Send	Receive	Exitval	Signal	Command
1	:	1580080988.070	     2.981	0	0	0	0	cd /home/guilhermel/Programs/tf/Benchs/TSVC/Recurrences-dbl && timeout --signal=TERM 0 ./INS_Recurrences-dbl.exe  20000 14  < /dev/null &> /dev/null
2	:	1580080991.053	     3.417	0	0	0	0	cd /home/guilhermel/Programs/tf/Benchs/TSVC/Recurrences-flt && timeout --signal=TERM 0 ./INS_Recurrences-flt.exe  20000 5  < /dev/null &> /dev/null
3	:	1580080994.472	     0.004	0	0	127	0	cd /home/guilhermel/Programs/tf/Benchs/VersaBench/dbms && timeout --signal=TERM 0 ./INS_dbms.exe -i /home/guilhermel/Programs/tf/Benchs/VersaBench/dbms/dbms.ref.in < /dev/null &> /dev/null
4	:	1580080994.478	     0.004	0	0	127	0	cd /home/guilhermel/Programs/tf/Benchs/Misc/ffbench && timeout --signal=TERM 0 ./INS_ffbench.exe   < /dev/null &> /dev/null
5	:	1580080994.484	     2.209	0	0	0	0	cd /home/guilhermel/Programs/tf/Benchs/VersaBench/bmm && timeout --signal=TERM 0 ./INS_bmm.exe 1024 64 < /dev/null &> /dev/null
6	:	1580080996.695	     0.072	0	0	0	0	cd /home/guilhermel/Programs/tf/Benchs/McCat/08-main && timeout --signal=TERM 0 ./INS_08-main.exe  < /dev/null &> /dev/null
7	:	1580080996.769	     0.003	0	0	127	0	cd /home/guilhermel/Programs/tf/Benchs/MallocBench/cfrac && timeout --signal=TERM 0 ./INS_cfrac.exe 41757646344123832613190542166099121 < /dev/null &> /dev/null
8	:	1580080996.775	     0.003	0	0	127	0	cd /home/guilhermel/Programs/tf/Benchs/DOE_ProxyApps_C/miniGMG && timeout --signal=TERM 0 ./INS_miniGMG.exe  6  2 2 2  1 1 1  < /dev/null &> /dev/null
9	:	1580080996.781	     0.078	0	0	0	0	cd /home/guilhermel/Programs/tf/Benchs/FreeBench/neural && timeout --signal=TERM 0 ./INS_neural.exe /home/guilhermel/Programs/tf/Benchs/FreeBench/neural/test.in < /dev/null &> /dev/null
10	:	1580080996.862	     0.005	0	0	127	0	cd /home/guilhermel/Programs/tf/Benchs/cBench/consumer_jpeg_c/src && ./__run 1 INS_consumer_jpeg_c.exe
11	:	1580080996.869	     0.003	0	0	127	0	cd /home/guilhermel/Programs/tf/Benchs/tramp3d-v4 && timeout --signal=TERM 0 ./INS_tramp3d-v4.exe  --cartvis 1.0 0.0 --rhomin 1e-8 -n 4 --domain 32 32 32 < /dev/null &> /dev/null
12	:	1580080996.875	     1.714	0	0	0	0	cd /home/guilhermel/Programs/tf/Benchs/TSVC/LinearDependence-flt && timeout --signal=TERM 0 ./INS_LinearDependence-flt.exe  3570 5  < /dev/null &> /dev/null
13	:	1580080998.592	     2.277	0	0	0	0	cd /home/guilhermel/Programs/tf/Benchs/TSVC/LinearDependence-dbl && timeout --signal=TERM 0 ./INS_LinearDependence-dbl.exe  3570 14  < /dev/null &> /dev/null
14	:	1580081000.872	     0.003	0	0	127	0	cd /home/guilhermel/Programs/tf/Benchs/MallocBench/gs && timeout --signal=TERM 0 ./INS_gs.exe -DNODISPLAY /home/guilhermel/Programs/tf/Benchs/MallocBench/gs/INPUT/large.ps < /dev/null &> /dev/null
15	:	1580081000.878	     0.003	0	0	127	0	cd /home/guilhermel/Programs/tf/Benchs/MallocBench/espresso && timeout --signal=TERM 0 ./INS_expresso.exe -t /home/guilhermel/Programs/tf/Benchs/MallocBench/espresso/INPUT/largest.espresso < /dev/null &> /dev/null
16	:	1580081000.884	     0.003	0	0	127	0	cd /home/guilhermel/Programs/tf/Benchs/Olden/health && timeout --signal=TERM 0 ./INS_health.exe 9 20 1 < /dev/null &> /dev/null
17	:	1580081000.890	     1.656	0	0	0	0	cd /home/guilhermel/Programs/tf/Benchs/TSVC/StatementReordering-flt && timeout --signal=TERM 0 ./INS_StatementReordering-flt.exe  20000 5  < /dev/null &> /dev/null
18	:	1580081002.550	     2.539	0	0	0	0	cd /home/guilhermel/Programs/tf/Benchs/TSVC/StatementReordering-dbl && timeout --signal=TERM 0 ./INS_StatementReordering-dbl.exe  20000 14  < /dev/null &> /dev/null
19	:	1580081005.092	     2.352	0	0	0	0	cd /home/guilhermel/Programs/tf/Benchs/TSVC/Expansion-dbl && timeout --signal=TERM 0 ./INS_Expansion-dbl.exe  4160 14  < /dev/null &> /dev/null
20	:	1580081007.447	     1.342	0	0	0	0	cd /home/guilhermel/Programs/tf/Benchs/TSVC/Expansion-flt && timeout --signal=TERM 0 ./INS_Expansion-flt.exe  4160 5  < /dev/null &> /dev/null
21	:	1580081008.791	     2.016	0	0	0	0	cd /home/guilhermel/Programs/tf/Benchs/TSVC/ControlLoops-dbl && timeout --signal=TERM 0 ./INS_ControlLoops-dbl.exe  1640 14  < /dev/null &> /dev/null
22	:	1580081010.809	     1.509	0	0	0	0	cd /home/guilhermel/Programs/tf/Benchs/TSVC/ControlLoops-flt && timeout --signal=TERM 0 ./INS_ControlLoops-flt.exe  1640 5  < /dev/null &> /dev/null
23	:	1580081012.320	     0.003	0	0	127	0	cd /home/guilhermel/Programs/tf/Benchs/Ptrdist/anagram && timeout --signal=TERM 0 ./INS_anagram.exe  words 2  < input.OUT &> /dev/null
24	:	1580081012.325	     0.006	0	0	127	0	cd /home/guilhermel/Programs/tf/Benchs/cBench/consumer_lame/src && ./__run 1 INS_consumer_lame.exe
25	:	1580081012.333	     0.003	0	0	127	0	cd /home/guilhermel/Programs/tf/Benchs/ASCI_Purple && timeout --signal=TERM 0 ./INS_smg2000.exe  -n 30 15 30 -c 0.1 1.0 10.0  < /dev/null &> /dev/null
26	:	1580081012.339	     0.003	0	0	127	0	cd /home/guilhermel/Programs/tf/Benchs/FreeBench/distray && timeout --signal=TERM 0 ./INS_distray.exe /home/guilhermel/Programs/tf/Benchs/FreeBench/distray/test.in < /dev/null &> /dev/null
27	:	1580081012.345	     0.006	0	0	127	0	cd /home/guilhermel/Programs/tf/Benchs/cBench/consumer_jpeg_d/src && ./__run 1 INS_consumer_jpeg_d.exe
28	:	1580081012.354	     0.004	0	0	127	0	cd /home/guilhermel/Programs/tf/Benchs/mediabench/g721/g721encode && timeout --signal=TERM 0 ./INS_g721.exe  <  ../data/clinton.pcm  &> /dev/null
29	:	1580081012.361	     0.677	0	0	0	0	cd /home/guilhermel/Programs/tf/Benchs/Ptrdist/yacr2 && timeout --signal=TERM 0 ./INS_yacr2.exe  input2.in  < /dev/null &> /dev/null
30	:	1580081013.042	     1.907	0	0	0	0	cd /home/guilhermel/Programs/tf/Benchs/DOE_ProxyApps_C/Pathfinder && timeout --signal=TERM 0 ./INS_Pathfinder.exe  -x medsmall1.adj_list  < /dev/null &> /dev/null
31	:	1580081014.952	     0.005	0	0	127	0	cd /home/guilhermel/Programs/tf/Benchs/cBench/consumer_tiffdither/src && ./__run 1 INS_consumer_tiffdither.exe
32	:	1580081014.959	     0.003	0	0	127	0	cd /home/guilhermel/Programs/tf/Benchs/cBench/bzip2e/src && ./__run 1 INS_bzip2e.exe
33	:	1580081014.965	     0.004	0	0	127	0	cd /home/guilhermel/Programs/tf/Benchs/TSVC/ControlFlow-flt && timeout --signal=TERM 0 ./INS_ControlFlow-flt.exe  2325 5  < /dev/null &> /dev/null
34	:	1580081014.971	     1.805	0	0	0	0	cd /home/guilhermel/Programs/tf/Benchs/TSVC/GlobalDataFlow-flt && timeout --signal=TERM 0 ./INS_GlobalDataFlow-flt.exe  3450 5  < /dev/null &> /dev/null
35	:	1580081016.778	     0.256	0	0	139	0	cd /home/guilhermel/Programs/tf/Benchs/TSVC/InductionVariable-flt && timeout --signal=TERM 0 ./INS_InductionVariable-flt.exe  9100 5  < /dev/null &> /dev/null
36	:	1580081017.037	     2.384	0	0	0	0	cd /home/guilhermel/Programs/tf/Benchs/TSVC/LoopRestructuring-flt && timeout --signal=TERM 0 ./INS_LoopRestructuring-flt.exe  4350 5  < /dev/null &> /dev/null
37	:	1580081019.424	     0.003	0	0	127	0	cd /home/guilhermel/Programs/tf/Benchs/TSVC/Symbolics-flt && timeout --signal=TERM 0 ./INS_Symbolics-flt.exe  9090 5  < /dev/null &> /dev/null
