Seq	Host	Starttime	JobRuntime	Send	Receive	Exitval	Signal	Command
1	:	1572232187.292	    67.471	0	0	0	0	cd /home/guilhermel/Programs/tf_phoenix/Benchs/PolyBench/linear-algebra/solvers/cholesky && timeout --signal=TERM 0 ./cholesky.exe 0.05 < /dev/null &> /dev/null
2	:	1572232254.766	    67.365	0	0	0	0	cd /home/guilhermel/Programs/tf_phoenix/Benchs/PolyBench/linear-algebra/solvers/cholesky && timeout --signal=TERM 0 ./cholesky.exe 0.10 < /dev/null &> /dev/null
3	:	1572232322.133	    67.565	0	0	0	0	cd /home/guilhermel/Programs/tf_phoenix/Benchs/PolyBench/linear-algebra/solvers/cholesky && timeout --signal=TERM 0 ./cholesky.exe 0.15 < /dev/null &> /dev/null
4	:	1572232389.701	    67.321	0	0	0	0	cd /home/guilhermel/Programs/tf_phoenix/Benchs/PolyBench/linear-algebra/solvers/cholesky && timeout --signal=TERM 0 ./cholesky.exe 0.20 < /dev/null &> /dev/null
5	:	1572232457.024	    67.473	0	0	0	0	cd /home/guilhermel/Programs/tf_phoenix/Benchs/PolyBench/linear-algebra/solvers/cholesky && timeout --signal=TERM 0 ./cholesky.exe 0.25 < /dev/null &> /dev/null
6	:	1572232524.499	    67.296	0	0	0	0	cd /home/guilhermel/Programs/tf_phoenix/Benchs/PolyBench/linear-algebra/solvers/cholesky && timeout --signal=TERM 0 ./cholesky.exe 0.30 < /dev/null &> /dev/null
7	:	1572232591.797	    67.337	0	0	0	0	cd /home/guilhermel/Programs/tf_phoenix/Benchs/PolyBench/linear-algebra/solvers/cholesky && timeout --signal=TERM 0 ./cholesky.exe 0.35 < /dev/null &> /dev/null
8	:	1572232659.136	    67.252	0	0	0	0	cd /home/guilhermel/Programs/tf_phoenix/Benchs/PolyBench/linear-algebra/solvers/cholesky && timeout --signal=TERM 0 ./cholesky.exe 0.40 < /dev/null &> /dev/null
9	:	1572232726.390	    67.324	0	0	0	0	cd /home/guilhermel/Programs/tf_phoenix/Benchs/PolyBench/linear-algebra/solvers/cholesky && timeout --signal=TERM 0 ./cholesky.exe 0.45 < /dev/null &> /dev/null
10	:	1572232793.718	    67.210	0	0	0	0	cd /home/guilhermel/Programs/tf_phoenix/Benchs/PolyBench/linear-algebra/solvers/cholesky && timeout --signal=TERM 0 ./cholesky.exe 0.50 < /dev/null &> /dev/null
11	:	1572232860.930	    67.231	0	0	0	0	cd /home/guilhermel/Programs/tf_phoenix/Benchs/PolyBench/linear-algebra/solvers/cholesky && timeout --signal=TERM 0 ./cholesky.exe 0.55 < /dev/null &> /dev/null
12	:	1572232928.164	    67.397	0	0	0	0	cd /home/guilhermel/Programs/tf_phoenix/Benchs/PolyBench/linear-algebra/solvers/cholesky && timeout --signal=TERM 0 ./cholesky.exe 0.60 < /dev/null &> /dev/null
13	:	1572232995.564	    67.400	0	0	0	0	cd /home/guilhermel/Programs/tf_phoenix/Benchs/PolyBench/linear-algebra/solvers/cholesky && timeout --signal=TERM 0 ./cholesky.exe 0.65 < /dev/null &> /dev/null
14	:	1572233062.967	    67.355	0	0	0	0	cd /home/guilhermel/Programs/tf_phoenix/Benchs/PolyBench/linear-algebra/solvers/cholesky && timeout --signal=TERM 0 ./cholesky.exe 0.70 < /dev/null &> /dev/null
15	:	1572233130.324	    67.390	0	0	0	0	cd /home/guilhermel/Programs/tf_phoenix/Benchs/PolyBench/linear-algebra/solvers/cholesky && timeout --signal=TERM 0 ./cholesky.exe 0.75 < /dev/null &> /dev/null
16	:	1572233197.716	    67.330	0	0	0	0	cd /home/guilhermel/Programs/tf_phoenix/Benchs/PolyBench/linear-algebra/solvers/cholesky && timeout --signal=TERM 0 ./cholesky.exe 0.80 < /dev/null &> /dev/null
17	:	1572233265.049	    67.361	0	0	0	0	cd /home/guilhermel/Programs/tf_phoenix/Benchs/PolyBench/linear-algebra/solvers/cholesky && timeout --signal=TERM 0 ./cholesky.exe 0.85 < /dev/null &> /dev/null
18	:	1572233332.413	    67.276	0	0	0	0	cd /home/guilhermel/Programs/tf_phoenix/Benchs/PolyBench/linear-algebra/solvers/cholesky && timeout --signal=TERM 0 ./cholesky.exe 0.90 < /dev/null &> /dev/null
19	:	1572233399.692	    67.373	0	0	0	0	cd /home/guilhermel/Programs/tf_phoenix/Benchs/PolyBench/linear-algebra/solvers/cholesky && timeout --signal=TERM 0 ./cholesky.exe 0.95 < /dev/null &> /dev/null
20	:	1572233467.067	    67.150	0	0	0	0	cd /home/guilhermel/Programs/tf_phoenix/Benchs/PolyBench/linear-algebra/solvers/cholesky && timeout --signal=TERM 0 ./cholesky.exe 1.00 < /dev/null &> /dev/null
21	:	1572233534.219	    82.951	0	0	0	0	cd /home/guilhermel/Programs/tf_phoenix/Benchs/PolyBench/linear-algebra/solvers/lu && timeout --signal=TERM 0 ./lu.exe 0.05 < /dev/null &> /dev/null
22	:	1572233617.173	    82.947	0	0	0	0	cd /home/guilhermel/Programs/tf_phoenix/Benchs/PolyBench/linear-algebra/solvers/lu && timeout --signal=TERM 0 ./lu.exe 0.10 < /dev/null &> /dev/null
23	:	1572233700.124	    82.967	0	0	0	0	cd /home/guilhermel/Programs/tf_phoenix/Benchs/PolyBench/linear-algebra/solvers/lu && timeout --signal=TERM 0 ./lu.exe 0.15 < /dev/null &> /dev/null
24	:	1572233783.094	    83.032	0	0	0	0	cd /home/guilhermel/Programs/tf_phoenix/Benchs/PolyBench/linear-algebra/solvers/lu && timeout --signal=TERM 0 ./lu.exe 0.20 < /dev/null &> /dev/null
25	:	1572233866.129	    82.965	0	0	0	0	cd /home/guilhermel/Programs/tf_phoenix/Benchs/PolyBench/linear-algebra/solvers/lu && timeout --signal=TERM 0 ./lu.exe 0.25 < /dev/null &> /dev/null
26	:	1572233949.097	    82.985	0	0	0	0	cd /home/guilhermel/Programs/tf_phoenix/Benchs/PolyBench/linear-algebra/solvers/lu && timeout --signal=TERM 0 ./lu.exe 0.30 < /dev/null &> /dev/null
27	:	1572234032.084	    83.008	0	0	0	0	cd /home/guilhermel/Programs/tf_phoenix/Benchs/PolyBench/linear-algebra/solvers/lu && timeout --signal=TERM 0 ./lu.exe 0.35 < /dev/null &> /dev/null
28	:	1572234115.095	    83.016	0	0	0	0	cd /home/guilhermel/Programs/tf_phoenix/Benchs/PolyBench/linear-algebra/solvers/lu && timeout --signal=TERM 0 ./lu.exe 0.40 < /dev/null &> /dev/null
29	:	1572234198.113	    82.986	0	0	0	0	cd /home/guilhermel/Programs/tf_phoenix/Benchs/PolyBench/linear-algebra/solvers/lu && timeout --signal=TERM 0 ./lu.exe 0.45 < /dev/null &> /dev/null
30	:	1572234281.102	    82.957	0	0	0	0	cd /home/guilhermel/Programs/tf_phoenix/Benchs/PolyBench/linear-algebra/solvers/lu && timeout --signal=TERM 0 ./lu.exe 0.50 < /dev/null &> /dev/null
31	:	1572234364.062	    82.938	0	0	0	0	cd /home/guilhermel/Programs/tf_phoenix/Benchs/PolyBench/linear-algebra/solvers/lu && timeout --signal=TERM 0 ./lu.exe 0.55 < /dev/null &> /dev/null
32	:	1572234447.003	    82.874	0	0	0	0	cd /home/guilhermel/Programs/tf_phoenix/Benchs/PolyBench/linear-algebra/solvers/lu && timeout --signal=TERM 0 ./lu.exe 0.60 < /dev/null &> /dev/null
33	:	1572234529.879	    82.748	0	0	0	0	cd /home/guilhermel/Programs/tf_phoenix/Benchs/PolyBench/linear-algebra/solvers/lu && timeout --signal=TERM 0 ./lu.exe 0.65 < /dev/null &> /dev/null
34	:	1572234612.630	    82.827	0	0	0	0	cd /home/guilhermel/Programs/tf_phoenix/Benchs/PolyBench/linear-algebra/solvers/lu && timeout --signal=TERM 0 ./lu.exe 0.70 < /dev/null &> /dev/null
35	:	1572234695.460	    82.797	0	0	0	0	cd /home/guilhermel/Programs/tf_phoenix/Benchs/PolyBench/linear-algebra/solvers/lu && timeout --signal=TERM 0 ./lu.exe 0.75 < /dev/null &> /dev/null
36	:	1572234778.260	    82.733	0	0	0	0	cd /home/guilhermel/Programs/tf_phoenix/Benchs/PolyBench/linear-algebra/solvers/lu && timeout --signal=TERM 0 ./lu.exe 0.80 < /dev/null &> /dev/null
37	:	1572234860.995	    82.804	0	0	0	0	cd /home/guilhermel/Programs/tf_phoenix/Benchs/PolyBench/linear-algebra/solvers/lu && timeout --signal=TERM 0 ./lu.exe 0.85 < /dev/null &> /dev/null
38	:	1572234943.801	    82.856	0	0	0	0	cd /home/guilhermel/Programs/tf_phoenix/Benchs/PolyBench/linear-algebra/solvers/lu && timeout --signal=TERM 0 ./lu.exe 0.90 < /dev/null &> /dev/null
39	:	1572235026.660	    82.959	0	0	0	0	cd /home/guilhermel/Programs/tf_phoenix/Benchs/PolyBench/linear-algebra/solvers/lu && timeout --signal=TERM 0 ./lu.exe 0.95 < /dev/null &> /dev/null
40	:	1572235109.622	    82.312	0	0	0	0	cd /home/guilhermel/Programs/tf_phoenix/Benchs/PolyBench/linear-algebra/solvers/lu && timeout --signal=TERM 0 ./lu.exe 1.00 < /dev/null &> /dev/null
41	:	1572235191.937	    81.716	0	0	0	0	cd /home/guilhermel/Programs/tf_phoenix/Benchs/PolyBench/linear-algebra/solvers/ludcmp && timeout --signal=TERM 0 ./ludcmp.exe 0.05 < /dev/null &> /dev/null
42	:	1572235273.655	    81.604	0	0	0	0	cd /home/guilhermel/Programs/tf_phoenix/Benchs/PolyBench/linear-algebra/solvers/ludcmp && timeout --signal=TERM 0 ./ludcmp.exe 0.10 < /dev/null &> /dev/null
43	:	1572235355.261	    81.631	0	0	0	0	cd /home/guilhermel/Programs/tf_phoenix/Benchs/PolyBench/linear-algebra/solvers/ludcmp && timeout --signal=TERM 0 ./ludcmp.exe 0.15 < /dev/null &> /dev/null
44	:	1572235436.894	    81.661	0	0	0	0	cd /home/guilhermel/Programs/tf_phoenix/Benchs/PolyBench/linear-algebra/solvers/ludcmp && timeout --signal=TERM 0 ./ludcmp.exe 0.20 < /dev/null &> /dev/null
45	:	1572235518.557	    81.666	0	0	0	0	cd /home/guilhermel/Programs/tf_phoenix/Benchs/PolyBench/linear-algebra/solvers/ludcmp && timeout --signal=TERM 0 ./ludcmp.exe 0.25 < /dev/null &> /dev/null
46	:	1572235600.226	    81.608	0	0	0	0	cd /home/guilhermel/Programs/tf_phoenix/Benchs/PolyBench/linear-algebra/solvers/ludcmp && timeout --signal=TERM 0 ./ludcmp.exe 0.30 < /dev/null &> /dev/null
47	:	1572235681.836	    81.880	0	0	0	0	cd /home/guilhermel/Programs/tf_phoenix/Benchs/PolyBench/linear-algebra/solvers/ludcmp && timeout --signal=TERM 0 ./ludcmp.exe 0.35 < /dev/null &> /dev/null
48	:	1572235763.719	    81.618	0	0	0	0	cd /home/guilhermel/Programs/tf_phoenix/Benchs/PolyBench/linear-algebra/solvers/ludcmp && timeout --signal=TERM 0 ./ludcmp.exe 0.40 < /dev/null &> /dev/null
49	:	1572235845.340	    81.739	0	0	0	0	cd /home/guilhermel/Programs/tf_phoenix/Benchs/PolyBench/linear-algebra/solvers/ludcmp && timeout --signal=TERM 0 ./ludcmp.exe 0.45 < /dev/null &> /dev/null
50	:	1572235927.081	    81.759	0	0	0	0	cd /home/guilhermel/Programs/tf_phoenix/Benchs/PolyBench/linear-algebra/solvers/ludcmp && timeout --signal=TERM 0 ./ludcmp.exe 0.50 < /dev/null &> /dev/null
51	:	1572236008.843	    81.638	0	0	0	0	cd /home/guilhermel/Programs/tf_phoenix/Benchs/PolyBench/linear-algebra/solvers/ludcmp && timeout --signal=TERM 0 ./ludcmp.exe 0.55 < /dev/null &> /dev/null
52	:	1572236090.483	    81.690	0	0	0	0	cd /home/guilhermel/Programs/tf_phoenix/Benchs/PolyBench/linear-algebra/solvers/ludcmp && timeout --signal=TERM 0 ./ludcmp.exe 0.60 < /dev/null &> /dev/null
53	:	1572236172.176	    81.784	0	0	0	0	cd /home/guilhermel/Programs/tf_phoenix/Benchs/PolyBench/linear-algebra/solvers/ludcmp && timeout --signal=TERM 0 ./ludcmp.exe 0.65 < /dev/null &> /dev/null
54	:	1572236253.963	    81.671	0	0	0	0	cd /home/guilhermel/Programs/tf_phoenix/Benchs/PolyBench/linear-algebra/solvers/ludcmp && timeout --signal=TERM 0 ./ludcmp.exe 0.70 < /dev/null &> /dev/null
55	:	1572236335.637	    81.797	0	0	0	0	cd /home/guilhermel/Programs/tf_phoenix/Benchs/PolyBench/linear-algebra/solvers/ludcmp && timeout --signal=TERM 0 ./ludcmp.exe 0.75 < /dev/null &> /dev/null
56	:	1572236417.437	    81.644	0	0	0	0	cd /home/guilhermel/Programs/tf_phoenix/Benchs/PolyBench/linear-algebra/solvers/ludcmp && timeout --signal=TERM 0 ./ludcmp.exe 0.80 < /dev/null &> /dev/null
57	:	1572236499.083	    81.729	0	0	0	0	cd /home/guilhermel/Programs/tf_phoenix/Benchs/PolyBench/linear-algebra/solvers/ludcmp && timeout --signal=TERM 0 ./ludcmp.exe 0.85 < /dev/null &> /dev/null
58	:	1572236580.815	    81.588	0	0	0	0	cd /home/guilhermel/Programs/tf_phoenix/Benchs/PolyBench/linear-algebra/solvers/ludcmp && timeout --signal=TERM 0 ./ludcmp.exe 0.90 < /dev/null &> /dev/null
59	:	1572236662.405	    81.683	0	0	0	0	cd /home/guilhermel/Programs/tf_phoenix/Benchs/PolyBench/linear-algebra/solvers/ludcmp && timeout --signal=TERM 0 ./ludcmp.exe 0.95 < /dev/null &> /dev/null
60	:	1572236744.090	    81.685	0	0	0	0	cd /home/guilhermel/Programs/tf_phoenix/Benchs/PolyBench/linear-algebra/solvers/ludcmp && timeout --signal=TERM 0 ./ludcmp.exe 1.00 < /dev/null &> /dev/null
61	:	1572236825.778	    22.702	0	0	0	0	cd /home/guilhermel/Programs/tf_phoenix/Benchs/PolyBench/linear-algebra/solvers/gramschmidt && timeout --signal=TERM 0 ./gramschmidt.exe 0.05 < /dev/null &> /dev/null
62	:	1572236848.483	    22.838	0	0	0	0	cd /home/guilhermel/Programs/tf_phoenix/Benchs/PolyBench/linear-algebra/solvers/gramschmidt && timeout --signal=TERM 0 ./gramschmidt.exe 0.10 < /dev/null &> /dev/null
63	:	1572236871.323	    23.131	0	0	0	0	cd /home/guilhermel/Programs/tf_phoenix/Benchs/PolyBench/linear-algebra/solvers/gramschmidt && timeout --signal=TERM 0 ./gramschmidt.exe 0.15 < /dev/null &> /dev/null
64	:	1572236894.456	    23.085	0	0	0	0	cd /home/guilhermel/Programs/tf_phoenix/Benchs/PolyBench/linear-algebra/solvers/gramschmidt && timeout --signal=TERM 0 ./gramschmidt.exe 0.20 < /dev/null &> /dev/null
65	:	1572236917.544	    22.860	0	0	0	0	cd /home/guilhermel/Programs/tf_phoenix/Benchs/PolyBench/linear-algebra/solvers/gramschmidt && timeout --signal=TERM 0 ./gramschmidt.exe 0.25 < /dev/null &> /dev/null
66	:	1572236940.406	    22.745	0	0	0	0	cd /home/guilhermel/Programs/tf_phoenix/Benchs/PolyBench/linear-algebra/solvers/gramschmidt && timeout --signal=TERM 0 ./gramschmidt.exe 0.30 < /dev/null &> /dev/null
67	:	1572236963.153	    22.795	0	0	0	0	cd /home/guilhermel/Programs/tf_phoenix/Benchs/PolyBench/linear-algebra/solvers/gramschmidt && timeout --signal=TERM 0 ./gramschmidt.exe 0.35 < /dev/null &> /dev/null
68	:	1572236985.951	    22.969	0	0	0	0	cd /home/guilhermel/Programs/tf_phoenix/Benchs/PolyBench/linear-algebra/solvers/gramschmidt && timeout --signal=TERM 0 ./gramschmidt.exe 0.40 < /dev/null &> /dev/null
69	:	1572237008.922	    22.929	0	0	0	0	cd /home/guilhermel/Programs/tf_phoenix/Benchs/PolyBench/linear-algebra/solvers/gramschmidt && timeout --signal=TERM 0 ./gramschmidt.exe 0.45 < /dev/null &> /dev/null
70	:	1572237031.853	    22.946	0	0	0	0	cd /home/guilhermel/Programs/tf_phoenix/Benchs/PolyBench/linear-algebra/solvers/gramschmidt && timeout --signal=TERM 0 ./gramschmidt.exe 0.50 < /dev/null &> /dev/null
71	:	1572237054.801	    22.973	0	0	0	0	cd /home/guilhermel/Programs/tf_phoenix/Benchs/PolyBench/linear-algebra/solvers/gramschmidt && timeout --signal=TERM 0 ./gramschmidt.exe 0.55 < /dev/null &> /dev/null
72	:	1572237077.777	    23.021	0	0	0	0	cd /home/guilhermel/Programs/tf_phoenix/Benchs/PolyBench/linear-algebra/solvers/gramschmidt && timeout --signal=TERM 0 ./gramschmidt.exe 0.60 < /dev/null &> /dev/null
73	:	1572237100.800	    23.141	0	0	0	0	cd /home/guilhermel/Programs/tf_phoenix/Benchs/PolyBench/linear-algebra/solvers/gramschmidt && timeout --signal=TERM 0 ./gramschmidt.exe 0.65 < /dev/null &> /dev/null
74	:	1572237123.944	    22.760	0	0	0	0	cd /home/guilhermel/Programs/tf_phoenix/Benchs/PolyBench/linear-algebra/solvers/gramschmidt && timeout --signal=TERM 0 ./gramschmidt.exe 0.70 < /dev/null &> /dev/null
75	:	1572237146.707	    22.861	0	0	0	0	cd /home/guilhermel/Programs/tf_phoenix/Benchs/PolyBench/linear-algebra/solvers/gramschmidt && timeout --signal=TERM 0 ./gramschmidt.exe 0.75 < /dev/null &> /dev/null
76	:	1572237169.571	    23.005	0	0	0	0	cd /home/guilhermel/Programs/tf_phoenix/Benchs/PolyBench/linear-algebra/solvers/gramschmidt && timeout --signal=TERM 0 ./gramschmidt.exe 0.80 < /dev/null &> /dev/null
77	:	1572237192.579	    22.963	0	0	0	0	cd /home/guilhermel/Programs/tf_phoenix/Benchs/PolyBench/linear-algebra/solvers/gramschmidt && timeout --signal=TERM 0 ./gramschmidt.exe 0.85 < /dev/null &> /dev/null
78	:	1572237215.546	    22.966	0	0	0	0	cd /home/guilhermel/Programs/tf_phoenix/Benchs/PolyBench/linear-algebra/solvers/gramschmidt && timeout --signal=TERM 0 ./gramschmidt.exe 0.90 < /dev/null &> /dev/null
79	:	1572237238.514	    22.978	0	0	0	0	cd /home/guilhermel/Programs/tf_phoenix/Benchs/PolyBench/linear-algebra/solvers/gramschmidt && timeout --signal=TERM 0 ./gramschmidt.exe 0.95 < /dev/null &> /dev/null
80	:	1572237261.494	    22.654	0	0	0	0	cd /home/guilhermel/Programs/tf_phoenix/Benchs/PolyBench/linear-algebra/solvers/gramschmidt && timeout --signal=TERM 0 ./gramschmidt.exe 1.00 < /dev/null &> /dev/null
81	:	1572237284.151	    11.769	0	0	0	0	cd /home/guilhermel/Programs/tf_phoenix/Benchs/PolyBench/datamining/covariance && timeout --signal=TERM 0 ./covariance.exe 0.05 < /dev/null &> /dev/null
82	:	1572237295.922	    11.763	0	0	0	0	cd /home/guilhermel/Programs/tf_phoenix/Benchs/PolyBench/datamining/covariance && timeout --signal=TERM 0 ./covariance.exe 0.10 < /dev/null &> /dev/null
83	:	1572237307.687	    11.815	0	0	0	0	cd /home/guilhermel/Programs/tf_phoenix/Benchs/PolyBench/datamining/covariance && timeout --signal=TERM 0 ./covariance.exe 0.15 < /dev/null &> /dev/null
84	:	1572237319.504	    11.899	0	0	0	0	cd /home/guilhermel/Programs/tf_phoenix/Benchs/PolyBench/datamining/covariance && timeout --signal=TERM 0 ./covariance.exe 0.20 < /dev/null &> /dev/null
85	:	1572237331.405	    11.783	0	0	0	0	cd /home/guilhermel/Programs/tf_phoenix/Benchs/PolyBench/datamining/covariance && timeout --signal=TERM 0 ./covariance.exe 0.25 < /dev/null &> /dev/null
86	:	1572237343.191	    11.796	0	0	0	0	cd /home/guilhermel/Programs/tf_phoenix/Benchs/PolyBench/datamining/covariance && timeout --signal=TERM 0 ./covariance.exe 0.30 < /dev/null &> /dev/null
87	:	1572237354.989	    11.813	0	0	0	0	cd /home/guilhermel/Programs/tf_phoenix/Benchs/PolyBench/datamining/covariance && timeout --signal=TERM 0 ./covariance.exe 0.35 < /dev/null &> /dev/null
88	:	1572237366.806	    11.825	0	0	0	0	cd /home/guilhermel/Programs/tf_phoenix/Benchs/PolyBench/datamining/covariance && timeout --signal=TERM 0 ./covariance.exe 0.40 < /dev/null &> /dev/null
89	:	1572237378.634	    11.802	0	0	0	0	cd /home/guilhermel/Programs/tf_phoenix/Benchs/PolyBench/datamining/covariance && timeout --signal=TERM 0 ./covariance.exe 0.45 < /dev/null &> /dev/null
90	:	1572237390.439	    11.774	0	0	0	0	cd /home/guilhermel/Programs/tf_phoenix/Benchs/PolyBench/datamining/covariance && timeout --signal=TERM 0 ./covariance.exe 0.50 < /dev/null &> /dev/null
91	:	1572237402.215	    11.791	0	0	0	0	cd /home/guilhermel/Programs/tf_phoenix/Benchs/PolyBench/datamining/covariance && timeout --signal=TERM 0 ./covariance.exe 0.55 < /dev/null &> /dev/null
92	:	1572237414.008	    11.763	0	0	0	0	cd /home/guilhermel/Programs/tf_phoenix/Benchs/PolyBench/datamining/covariance && timeout --signal=TERM 0 ./covariance.exe 0.60 < /dev/null &> /dev/null
93	:	1572237425.773	    11.772	0	0	0	0	cd /home/guilhermel/Programs/tf_phoenix/Benchs/PolyBench/datamining/covariance && timeout --signal=TERM 0 ./covariance.exe 0.65 < /dev/null &> /dev/null
94	:	1572237437.547	    11.764	0	0	0	0	cd /home/guilhermel/Programs/tf_phoenix/Benchs/PolyBench/datamining/covariance && timeout --signal=TERM 0 ./covariance.exe 0.70 < /dev/null &> /dev/null
95	:	1572237449.313	    11.835	0	0	0	0	cd /home/guilhermel/Programs/tf_phoenix/Benchs/PolyBench/datamining/covariance && timeout --signal=TERM 0 ./covariance.exe 0.75 < /dev/null &> /dev/null
96	:	1572237461.151	    11.780	0	0	0	0	cd /home/guilhermel/Programs/tf_phoenix/Benchs/PolyBench/datamining/covariance && timeout --signal=TERM 0 ./covariance.exe 0.80 < /dev/null &> /dev/null
97	:	1572237472.934	    11.764	0	0	0	0	cd /home/guilhermel/Programs/tf_phoenix/Benchs/PolyBench/datamining/covariance && timeout --signal=TERM 0 ./covariance.exe 0.85 < /dev/null &> /dev/null
98	:	1572237484.701	    11.788	0	0	0	0	cd /home/guilhermel/Programs/tf_phoenix/Benchs/PolyBench/datamining/covariance && timeout --signal=TERM 0 ./covariance.exe 0.90 < /dev/null &> /dev/null
99	:	1572237496.491	    11.779	0	0	0	0	cd /home/guilhermel/Programs/tf_phoenix/Benchs/PolyBench/datamining/covariance && timeout --signal=TERM 0 ./covariance.exe 0.95 < /dev/null &> /dev/null
100	:	1572237508.273	    11.697	0	0	0	0	cd /home/guilhermel/Programs/tf_phoenix/Benchs/PolyBench/datamining/covariance && timeout --signal=TERM 0 ./covariance.exe 1.00 < /dev/null &> /dev/null
