Seq	Host	Starttime	JobRuntime	Send	Receive	Exitval	Signal	Command
1	:	1572278492.630	    60.046	0	0	0	0	cd /home/guilhermel/Programs/tf_phoenix/Benchs/PolyBench/linear-algebra/solvers/cholesky && timeout --signal=TERM 0 ./INS_cholesky.exe 0.05 < /dev/null &> /dev/null
2	:	1572278552.678	    60.016	0	0	0	0	cd /home/guilhermel/Programs/tf_phoenix/Benchs/PolyBench/linear-algebra/solvers/cholesky && timeout --signal=TERM 0 ./INS_cholesky.exe 0.10 < /dev/null &> /dev/null
3	:	1572278612.697	    60.237	0	0	0	0	cd /home/guilhermel/Programs/tf_phoenix/Benchs/PolyBench/linear-algebra/solvers/cholesky && timeout --signal=TERM 0 ./INS_cholesky.exe 0.15 < /dev/null &> /dev/null
4	:	1572278672.938	    60.236	0	0	0	0	cd /home/guilhermel/Programs/tf_phoenix/Benchs/PolyBench/linear-algebra/solvers/cholesky && timeout --signal=TERM 0 ./INS_cholesky.exe 0.20 < /dev/null &> /dev/null
5	:	1572278733.177	    60.366	0	0	0	0	cd /home/guilhermel/Programs/tf_phoenix/Benchs/PolyBench/linear-algebra/solvers/cholesky && timeout --signal=TERM 0 ./INS_cholesky.exe 0.25 < /dev/null &> /dev/null
6	:	1572278793.547	    60.437	0	0	0	0	cd /home/guilhermel/Programs/tf_phoenix/Benchs/PolyBench/linear-algebra/solvers/cholesky && timeout --signal=TERM 0 ./INS_cholesky.exe 0.30 < /dev/null &> /dev/null
7	:	1572278853.987	    60.614	0	0	0	0	cd /home/guilhermel/Programs/tf_phoenix/Benchs/PolyBench/linear-algebra/solvers/cholesky && timeout --signal=TERM 0 ./INS_cholesky.exe 0.35 < /dev/null &> /dev/null
8	:	1572278914.603	    60.505	0	0	0	0	cd /home/guilhermel/Programs/tf_phoenix/Benchs/PolyBench/linear-algebra/solvers/cholesky && timeout --signal=TERM 0 ./INS_cholesky.exe 0.40 < /dev/null &> /dev/null
9	:	1572278975.110	    60.819	0	0	0	0	cd /home/guilhermel/Programs/tf_phoenix/Benchs/PolyBench/linear-algebra/solvers/cholesky && timeout --signal=TERM 0 ./INS_cholesky.exe 0.45 < /dev/null &> /dev/null
10	:	1572279035.931	    61.005	0	0	0	0	cd /home/guilhermel/Programs/tf_phoenix/Benchs/PolyBench/linear-algebra/solvers/cholesky && timeout --signal=TERM 0 ./INS_cholesky.exe 0.50 < /dev/null &> /dev/null
11	:	1572279096.938	    61.144	0	0	0	0	cd /home/guilhermel/Programs/tf_phoenix/Benchs/PolyBench/linear-algebra/solvers/cholesky && timeout --signal=TERM 0 ./INS_cholesky.exe 0.55 < /dev/null &> /dev/null
12	:	1572279158.086	    61.078	0	0	0	0	cd /home/guilhermel/Programs/tf_phoenix/Benchs/PolyBench/linear-algebra/solvers/cholesky && timeout --signal=TERM 0 ./INS_cholesky.exe 0.60 < /dev/null &> /dev/null
13	:	1572279219.167	    60.858	0	0	0	0	cd /home/guilhermel/Programs/tf_phoenix/Benchs/PolyBench/linear-algebra/solvers/cholesky && timeout --signal=TERM 0 ./INS_cholesky.exe 0.65 < /dev/null &> /dev/null
14	:	1572279280.027	    60.983	0	0	0	0	cd /home/guilhermel/Programs/tf_phoenix/Benchs/PolyBench/linear-algebra/solvers/cholesky && timeout --signal=TERM 0 ./INS_cholesky.exe 0.70 < /dev/null &> /dev/null
15	:	1572279341.013	    60.864	0	0	0	0	cd /home/guilhermel/Programs/tf_phoenix/Benchs/PolyBench/linear-algebra/solvers/cholesky && timeout --signal=TERM 0 ./INS_cholesky.exe 0.75 < /dev/null &> /dev/null
16	:	1572279401.879	    60.716	0	0	0	0	cd /home/guilhermel/Programs/tf_phoenix/Benchs/PolyBench/linear-algebra/solvers/cholesky && timeout --signal=TERM 0 ./INS_cholesky.exe 0.80 < /dev/null &> /dev/null
17	:	1572279462.598	    61.017	0	0	0	0	cd /home/guilhermel/Programs/tf_phoenix/Benchs/PolyBench/linear-algebra/solvers/cholesky && timeout --signal=TERM 0 ./INS_cholesky.exe 0.85 < /dev/null &> /dev/null
18	:	1572279523.619	    60.946	0	0	0	0	cd /home/guilhermel/Programs/tf_phoenix/Benchs/PolyBench/linear-algebra/solvers/cholesky && timeout --signal=TERM 0 ./INS_cholesky.exe 0.90 < /dev/null &> /dev/null
19	:	1572279584.567	    60.840	0	0	0	0	cd /home/guilhermel/Programs/tf_phoenix/Benchs/PolyBench/linear-algebra/solvers/cholesky && timeout --signal=TERM 0 ./INS_cholesky.exe 0.95 < /dev/null &> /dev/null
20	:	1572279645.409	    60.488	0	0	0	0	cd /home/guilhermel/Programs/tf_phoenix/Benchs/PolyBench/linear-algebra/solvers/cholesky && timeout --signal=TERM 0 ./INS_cholesky.exe 1.00 < /dev/null &> /dev/null
21	:	1572279705.899	    76.286	0	0	0	0	cd /home/guilhermel/Programs/tf_phoenix/Benchs/PolyBench/linear-algebra/solvers/lu && timeout --signal=TERM 0 ./INS_lu.exe 0.05 < /dev/null &> /dev/null
22	:	1572279782.188	    76.657	0	0	0	0	cd /home/guilhermel/Programs/tf_phoenix/Benchs/PolyBench/linear-algebra/solvers/lu && timeout --signal=TERM 0 ./INS_lu.exe 0.10 < /dev/null &> /dev/null
23	:	1572279858.847	    76.397	0	0	0	0	cd /home/guilhermel/Programs/tf_phoenix/Benchs/PolyBench/linear-algebra/solvers/lu && timeout --signal=TERM 0 ./INS_lu.exe 0.15 < /dev/null &> /dev/null
24	:	1572279935.246	    76.396	0	0	0	0	cd /home/guilhermel/Programs/tf_phoenix/Benchs/PolyBench/linear-algebra/solvers/lu && timeout --signal=TERM 0 ./INS_lu.exe 0.20 < /dev/null &> /dev/null
25	:	1572280011.645	    76.569	0	0	0	0	cd /home/guilhermel/Programs/tf_phoenix/Benchs/PolyBench/linear-algebra/solvers/lu && timeout --signal=TERM 0 ./INS_lu.exe 0.25 < /dev/null &> /dev/null
26	:	1572280088.216	    76.440	0	0	0	0	cd /home/guilhermel/Programs/tf_phoenix/Benchs/PolyBench/linear-algebra/solvers/lu && timeout --signal=TERM 0 ./INS_lu.exe 0.30 < /dev/null &> /dev/null
27	:	1572280164.659	    77.128	0	0	0	0	cd /home/guilhermel/Programs/tf_phoenix/Benchs/PolyBench/linear-algebra/solvers/lu && timeout --signal=TERM 0 ./INS_lu.exe 0.35 < /dev/null &> /dev/null
28	:	1572280241.789	    77.049	0	0	0	0	cd /home/guilhermel/Programs/tf_phoenix/Benchs/PolyBench/linear-algebra/solvers/lu && timeout --signal=TERM 0 ./INS_lu.exe 0.40 < /dev/null &> /dev/null
29	:	1572280318.842	    77.173	0	0	0	0	cd /home/guilhermel/Programs/tf_phoenix/Benchs/PolyBench/linear-algebra/solvers/lu && timeout --signal=TERM 0 ./INS_lu.exe 0.45 < /dev/null &> /dev/null
30	:	1572280396.017	    76.891	0	0	0	0	cd /home/guilhermel/Programs/tf_phoenix/Benchs/PolyBench/linear-algebra/solvers/lu && timeout --signal=TERM 0 ./INS_lu.exe 0.50 < /dev/null &> /dev/null
31	:	1572280472.910	    77.365	0	0	0	0	cd /home/guilhermel/Programs/tf_phoenix/Benchs/PolyBench/linear-algebra/solvers/lu && timeout --signal=TERM 0 ./INS_lu.exe 0.55 < /dev/null &> /dev/null
32	:	1572280550.277	    77.144	0	0	0	0	cd /home/guilhermel/Programs/tf_phoenix/Benchs/PolyBench/linear-algebra/solvers/lu && timeout --signal=TERM 0 ./INS_lu.exe 0.60 < /dev/null &> /dev/null
33	:	1572280627.424	    77.037	0	0	0	0	cd /home/guilhermel/Programs/tf_phoenix/Benchs/PolyBench/linear-algebra/solvers/lu && timeout --signal=TERM 0 ./INS_lu.exe 0.65 < /dev/null &> /dev/null
34	:	1572280704.464	    77.245	0	0	0	0	cd /home/guilhermel/Programs/tf_phoenix/Benchs/PolyBench/linear-algebra/solvers/lu && timeout --signal=TERM 0 ./INS_lu.exe 0.70 < /dev/null &> /dev/null
35	:	1572280781.711	    77.324	0	0	0	0	cd /home/guilhermel/Programs/tf_phoenix/Benchs/PolyBench/linear-algebra/solvers/lu && timeout --signal=TERM 0 ./INS_lu.exe 0.75 < /dev/null &> /dev/null
36	:	1572280859.037	    76.674	0	0	0	0	cd /home/guilhermel/Programs/tf_phoenix/Benchs/PolyBench/linear-algebra/solvers/lu && timeout --signal=TERM 0 ./INS_lu.exe 0.80 < /dev/null &> /dev/null
37	:	1572280935.715	    77.300	0	0	0	0	cd /home/guilhermel/Programs/tf_phoenix/Benchs/PolyBench/linear-algebra/solvers/lu && timeout --signal=TERM 0 ./INS_lu.exe 0.85 < /dev/null &> /dev/null
38	:	1572281013.017	    76.957	0	0	0	0	cd /home/guilhermel/Programs/tf_phoenix/Benchs/PolyBench/linear-algebra/solvers/lu && timeout --signal=TERM 0 ./INS_lu.exe 0.90 < /dev/null &> /dev/null
39	:	1572281089.977	    77.062	0	0	0	0	cd /home/guilhermel/Programs/tf_phoenix/Benchs/PolyBench/linear-algebra/solvers/lu && timeout --signal=TERM 0 ./INS_lu.exe 0.95 < /dev/null &> /dev/null
40	:	1572281167.041	    75.886	0	0	0	0	cd /home/guilhermel/Programs/tf_phoenix/Benchs/PolyBench/linear-algebra/solvers/lu && timeout --signal=TERM 0 ./INS_lu.exe 1.00 < /dev/null &> /dev/null
41	:	1572281242.930	    74.096	0	0	0	0	cd /home/guilhermel/Programs/tf_phoenix/Benchs/PolyBench/linear-algebra/solvers/ludcmp && timeout --signal=TERM 0 ./INS_ludcmp.exe 0.05 < /dev/null &> /dev/null
42	:	1572281317.029	    74.138	0	0	0	0	cd /home/guilhermel/Programs/tf_phoenix/Benchs/PolyBench/linear-algebra/solvers/ludcmp && timeout --signal=TERM 0 ./INS_ludcmp.exe 0.10 < /dev/null &> /dev/null
43	:	1572281391.169	    74.459	0	0	0	0	cd /home/guilhermel/Programs/tf_phoenix/Benchs/PolyBench/linear-algebra/solvers/ludcmp && timeout --signal=TERM 0 ./INS_ludcmp.exe 0.15 < /dev/null &> /dev/null
44	:	1572281465.630	    74.493	0	0	0	0	cd /home/guilhermel/Programs/tf_phoenix/Benchs/PolyBench/linear-algebra/solvers/ludcmp && timeout --signal=TERM 0 ./INS_ludcmp.exe 0.20 < /dev/null &> /dev/null
45	:	1572281540.126	    74.542	0	0	0	0	cd /home/guilhermel/Programs/tf_phoenix/Benchs/PolyBench/linear-algebra/solvers/ludcmp && timeout --signal=TERM 0 ./INS_ludcmp.exe 0.25 < /dev/null &> /dev/null
46	:	1572281614.670	    74.520	0	0	0	0	cd /home/guilhermel/Programs/tf_phoenix/Benchs/PolyBench/linear-algebra/solvers/ludcmp && timeout --signal=TERM 0 ./INS_ludcmp.exe 0.30 < /dev/null &> /dev/null
47	:	1572281689.193	    74.616	0	0	0	0	cd /home/guilhermel/Programs/tf_phoenix/Benchs/PolyBench/linear-algebra/solvers/ludcmp && timeout --signal=TERM 0 ./INS_ludcmp.exe 0.35 < /dev/null &> /dev/null
48	:	1572281763.812	    74.700	0	0	0	0	cd /home/guilhermel/Programs/tf_phoenix/Benchs/PolyBench/linear-algebra/solvers/ludcmp && timeout --signal=TERM 0 ./INS_ludcmp.exe 0.40 < /dev/null &> /dev/null
49	:	1572281838.514	    74.797	0	0	0	0	cd /home/guilhermel/Programs/tf_phoenix/Benchs/PolyBench/linear-algebra/solvers/ludcmp && timeout --signal=TERM 0 ./INS_ludcmp.exe 0.45 < /dev/null &> /dev/null
50	:	1572281913.313	    74.967	0	0	0	0	cd /home/guilhermel/Programs/tf_phoenix/Benchs/PolyBench/linear-algebra/solvers/ludcmp && timeout --signal=TERM 0 ./INS_ludcmp.exe 0.50 < /dev/null &> /dev/null
51	:	1572281988.283	    74.828	0	0	0	0	cd /home/guilhermel/Programs/tf_phoenix/Benchs/PolyBench/linear-algebra/solvers/ludcmp && timeout --signal=TERM 0 ./INS_ludcmp.exe 0.55 < /dev/null &> /dev/null
52	:	1572282063.114	    74.822	0	0	0	0	cd /home/guilhermel/Programs/tf_phoenix/Benchs/PolyBench/linear-algebra/solvers/ludcmp && timeout --signal=TERM 0 ./INS_ludcmp.exe 0.60 < /dev/null &> /dev/null
53	:	1572282137.939	    74.936	0	0	0	0	cd /home/guilhermel/Programs/tf_phoenix/Benchs/PolyBench/linear-algebra/solvers/ludcmp && timeout --signal=TERM 0 ./INS_ludcmp.exe 0.65 < /dev/null &> /dev/null
54	:	1572282212.877	    74.784	0	0	0	0	cd /home/guilhermel/Programs/tf_phoenix/Benchs/PolyBench/linear-algebra/solvers/ludcmp && timeout --signal=TERM 0 ./INS_ludcmp.exe 0.70 < /dev/null &> /dev/null
55	:	1572282287.664	    74.862	0	0	0	0	cd /home/guilhermel/Programs/tf_phoenix/Benchs/PolyBench/linear-algebra/solvers/ludcmp && timeout --signal=TERM 0 ./INS_ludcmp.exe 0.75 < /dev/null &> /dev/null
56	:	1572282362.529	    74.940	0	0	0	0	cd /home/guilhermel/Programs/tf_phoenix/Benchs/PolyBench/linear-algebra/solvers/ludcmp && timeout --signal=TERM 0 ./INS_ludcmp.exe 0.80 < /dev/null &> /dev/null
57	:	1572282437.471	    75.102	0	0	0	0	cd /home/guilhermel/Programs/tf_phoenix/Benchs/PolyBench/linear-algebra/solvers/ludcmp && timeout --signal=TERM 0 ./INS_ludcmp.exe 0.85 < /dev/null &> /dev/null
58	:	1572282512.576	    75.022	0	0	0	0	cd /home/guilhermel/Programs/tf_phoenix/Benchs/PolyBench/linear-algebra/solvers/ludcmp && timeout --signal=TERM 0 ./INS_ludcmp.exe 0.90 < /dev/null &> /dev/null
59	:	1572282587.601	    74.930	0	0	0	0	cd /home/guilhermel/Programs/tf_phoenix/Benchs/PolyBench/linear-algebra/solvers/ludcmp && timeout --signal=TERM 0 ./INS_ludcmp.exe 0.95 < /dev/null &> /dev/null
60	:	1572282662.534	    74.775	0	0	0	0	cd /home/guilhermel/Programs/tf_phoenix/Benchs/PolyBench/linear-algebra/solvers/ludcmp && timeout --signal=TERM 0 ./INS_ludcmp.exe 1.00 < /dev/null &> /dev/null
61	:	1572282737.311	    22.009	0	0	0	0	cd /home/guilhermel/Programs/tf_phoenix/Benchs/PolyBench/linear-algebra/solvers/gramschmidt && timeout --signal=TERM 0 ./INS_gramschmidt.exe 0.05 < /dev/null &> /dev/null
62	:	1572282759.324	    22.131	0	0	0	0	cd /home/guilhermel/Programs/tf_phoenix/Benchs/PolyBench/linear-algebra/solvers/gramschmidt && timeout --signal=TERM 0 ./INS_gramschmidt.exe 0.10 < /dev/null &> /dev/null
63	:	1572282781.457	    22.065	0	0	0	0	cd /home/guilhermel/Programs/tf_phoenix/Benchs/PolyBench/linear-algebra/solvers/gramschmidt && timeout --signal=TERM 0 ./INS_gramschmidt.exe 0.15 < /dev/null &> /dev/null
64	:	1572282803.525	    22.036	0	0	0	0	cd /home/guilhermel/Programs/tf_phoenix/Benchs/PolyBench/linear-algebra/solvers/gramschmidt && timeout --signal=TERM 0 ./INS_gramschmidt.exe 0.20 < /dev/null &> /dev/null
65	:	1572282825.563	    21.979	0	0	0	0	cd /home/guilhermel/Programs/tf_phoenix/Benchs/PolyBench/linear-algebra/solvers/gramschmidt && timeout --signal=TERM 0 ./INS_gramschmidt.exe 0.25 < /dev/null &> /dev/null
66	:	1572282847.544	    22.120	0	0	0	0	cd /home/guilhermel/Programs/tf_phoenix/Benchs/PolyBench/linear-algebra/solvers/gramschmidt && timeout --signal=TERM 0 ./INS_gramschmidt.exe 0.30 < /dev/null &> /dev/null
67	:	1572282869.666	    21.992	0	0	0	0	cd /home/guilhermel/Programs/tf_phoenix/Benchs/PolyBench/linear-algebra/solvers/gramschmidt && timeout --signal=TERM 0 ./INS_gramschmidt.exe 0.35 < /dev/null &> /dev/null
68	:	1572282891.661	    21.984	0	0	0	0	cd /home/guilhermel/Programs/tf_phoenix/Benchs/PolyBench/linear-algebra/solvers/gramschmidt && timeout --signal=TERM 0 ./INS_gramschmidt.exe 0.40 < /dev/null &> /dev/null
69	:	1572282913.649	    22.023	0	0	0	0	cd /home/guilhermel/Programs/tf_phoenix/Benchs/PolyBench/linear-algebra/solvers/gramschmidt && timeout --signal=TERM 0 ./INS_gramschmidt.exe 0.45 < /dev/null &> /dev/null
70	:	1572282935.675	    22.088	0	0	0	0	cd /home/guilhermel/Programs/tf_phoenix/Benchs/PolyBench/linear-algebra/solvers/gramschmidt && timeout --signal=TERM 0 ./INS_gramschmidt.exe 0.50 < /dev/null &> /dev/null
71	:	1572282957.766	    22.069	0	0	0	0	cd /home/guilhermel/Programs/tf_phoenix/Benchs/PolyBench/linear-algebra/solvers/gramschmidt && timeout --signal=TERM 0 ./INS_gramschmidt.exe 0.55 < /dev/null &> /dev/null
72	:	1572282979.838	    21.980	0	0	0	0	cd /home/guilhermel/Programs/tf_phoenix/Benchs/PolyBench/linear-algebra/solvers/gramschmidt && timeout --signal=TERM 0 ./INS_gramschmidt.exe 0.60 < /dev/null &> /dev/null
73	:	1572283001.822	    22.148	0	0	0	0	cd /home/guilhermel/Programs/tf_phoenix/Benchs/PolyBench/linear-algebra/solvers/gramschmidt && timeout --signal=TERM 0 ./INS_gramschmidt.exe 0.65 < /dev/null &> /dev/null
74	:	1572283023.973	    22.078	0	0	0	0	cd /home/guilhermel/Programs/tf_phoenix/Benchs/PolyBench/linear-algebra/solvers/gramschmidt && timeout --signal=TERM 0 ./INS_gramschmidt.exe 0.70 < /dev/null &> /dev/null
75	:	1572283046.054	    22.004	0	0	0	0	cd /home/guilhermel/Programs/tf_phoenix/Benchs/PolyBench/linear-algebra/solvers/gramschmidt && timeout --signal=TERM 0 ./INS_gramschmidt.exe 0.75 < /dev/null &> /dev/null
76	:	1572283068.061	    21.976	0	0	0	0	cd /home/guilhermel/Programs/tf_phoenix/Benchs/PolyBench/linear-algebra/solvers/gramschmidt && timeout --signal=TERM 0 ./INS_gramschmidt.exe 0.80 < /dev/null &> /dev/null
77	:	1572283090.040	    22.181	0	0	0	0	cd /home/guilhermel/Programs/tf_phoenix/Benchs/PolyBench/linear-algebra/solvers/gramschmidt && timeout --signal=TERM 0 ./INS_gramschmidt.exe 0.85 < /dev/null &> /dev/null
78	:	1572283112.224	    21.989	0	0	0	0	cd /home/guilhermel/Programs/tf_phoenix/Benchs/PolyBench/linear-algebra/solvers/gramschmidt && timeout --signal=TERM 0 ./INS_gramschmidt.exe 0.90 < /dev/null &> /dev/null
79	:	1572283134.215	    21.982	0	0	0	0	cd /home/guilhermel/Programs/tf_phoenix/Benchs/PolyBench/linear-algebra/solvers/gramschmidt && timeout --signal=TERM 0 ./INS_gramschmidt.exe 0.95 < /dev/null &> /dev/null
80	:	1572283156.199	    21.795	0	0	0	0	cd /home/guilhermel/Programs/tf_phoenix/Benchs/PolyBench/linear-algebra/solvers/gramschmidt && timeout --signal=TERM 0 ./INS_gramschmidt.exe 1.00 < /dev/null &> /dev/null
81	:	1572283177.997	    11.614	0	0	0	0	cd /home/guilhermel/Programs/tf_phoenix/Benchs/PolyBench/datamining/covariance && timeout --signal=TERM 0 ./INS_covariance.exe 0.05 < /dev/null &> /dev/null
82	:	1572283189.613	    11.700	0	0	0	0	cd /home/guilhermel/Programs/tf_phoenix/Benchs/PolyBench/datamining/covariance && timeout --signal=TERM 0 ./INS_covariance.exe 0.10 < /dev/null &> /dev/null
83	:	1572283201.316	    11.644	0	0	0	0	cd /home/guilhermel/Programs/tf_phoenix/Benchs/PolyBench/datamining/covariance && timeout --signal=TERM 0 ./INS_covariance.exe 0.15 < /dev/null &> /dev/null
84	:	1572283212.963	    11.685	0	0	0	0	cd /home/guilhermel/Programs/tf_phoenix/Benchs/PolyBench/datamining/covariance && timeout --signal=TERM 0 ./INS_covariance.exe 0.20 < /dev/null &> /dev/null
85	:	1572283224.651	    11.621	0	0	0	0	cd /home/guilhermel/Programs/tf_phoenix/Benchs/PolyBench/datamining/covariance && timeout --signal=TERM 0 ./INS_covariance.exe 0.25 < /dev/null &> /dev/null
86	:	1572283236.276	    11.670	0	0	0	0	cd /home/guilhermel/Programs/tf_phoenix/Benchs/PolyBench/datamining/covariance && timeout --signal=TERM 0 ./INS_covariance.exe 0.30 < /dev/null &> /dev/null
87	:	1572283247.949	    11.636	0	0	0	0	cd /home/guilhermel/Programs/tf_phoenix/Benchs/PolyBench/datamining/covariance && timeout --signal=TERM 0 ./INS_covariance.exe 0.35 < /dev/null &> /dev/null
88	:	1572283259.588	    11.657	0	0	0	0	cd /home/guilhermel/Programs/tf_phoenix/Benchs/PolyBench/datamining/covariance && timeout --signal=TERM 0 ./INS_covariance.exe 0.40 < /dev/null &> /dev/null
89	:	1572283271.248	    11.588	0	0	0	0	cd /home/guilhermel/Programs/tf_phoenix/Benchs/PolyBench/datamining/covariance && timeout --signal=TERM 0 ./INS_covariance.exe 0.45 < /dev/null &> /dev/null
90	:	1572283282.838	    11.635	0	0	0	0	cd /home/guilhermel/Programs/tf_phoenix/Benchs/PolyBench/datamining/covariance && timeout --signal=TERM 0 ./INS_covariance.exe 0.50 < /dev/null &> /dev/null
91	:	1572283294.476	    11.631	0	0	0	0	cd /home/guilhermel/Programs/tf_phoenix/Benchs/PolyBench/datamining/covariance && timeout --signal=TERM 0 ./INS_covariance.exe 0.55 < /dev/null &> /dev/null
92	:	1572283306.110	    11.703	0	0	0	0	cd /home/guilhermel/Programs/tf_phoenix/Benchs/PolyBench/datamining/covariance && timeout --signal=TERM 0 ./INS_covariance.exe 0.60 < /dev/null &> /dev/null
93	:	1572283317.815	    11.649	0	0	0	0	cd /home/guilhermel/Programs/tf_phoenix/Benchs/PolyBench/datamining/covariance && timeout --signal=TERM 0 ./INS_covariance.exe 0.65 < /dev/null &> /dev/null
94	:	1572283329.467	    11.678	0	0	0	0	cd /home/guilhermel/Programs/tf_phoenix/Benchs/PolyBench/datamining/covariance && timeout --signal=TERM 0 ./INS_covariance.exe 0.70 < /dev/null &> /dev/null
95	:	1572283341.148	    11.605	0	0	0	0	cd /home/guilhermel/Programs/tf_phoenix/Benchs/PolyBench/datamining/covariance && timeout --signal=TERM 0 ./INS_covariance.exe 0.75 < /dev/null &> /dev/null
96	:	1572283352.755	    11.717	0	0	0	0	cd /home/guilhermel/Programs/tf_phoenix/Benchs/PolyBench/datamining/covariance && timeout --signal=TERM 0 ./INS_covariance.exe 0.80 < /dev/null &> /dev/null
97	:	1572283364.475	    11.623	0	0	0	0	cd /home/guilhermel/Programs/tf_phoenix/Benchs/PolyBench/datamining/covariance && timeout --signal=TERM 0 ./INS_covariance.exe 0.85 < /dev/null &> /dev/null
98	:	1572283376.100	    11.687	0	0	0	0	cd /home/guilhermel/Programs/tf_phoenix/Benchs/PolyBench/datamining/covariance && timeout --signal=TERM 0 ./INS_covariance.exe 0.90 < /dev/null &> /dev/null
99	:	1572283387.789	    11.678	0	0	0	0	cd /home/guilhermel/Programs/tf_phoenix/Benchs/PolyBench/datamining/covariance && timeout --signal=TERM 0 ./INS_covariance.exe 0.95 < /dev/null &> /dev/null
100	:	1572283399.470	    11.671	0	0	0	0	cd /home/guilhermel/Programs/tf_phoenix/Benchs/PolyBench/datamining/covariance && timeout --signal=TERM 0 ./INS_covariance.exe 1.00 < /dev/null &> /dev/null
